2016-01-29 11:36:16.963  INFO 4736 --- [restartedMain] c.m.l.LineupGeneratorApplication         : Starting LineupGeneratorApplication on EPHUBUDW0306 with PID 4736 (D:\sts_workspace\lineup-generator\target\classes started by Levente_Bakos in D:\sts_workspace\lineup-generator)
2016-01-29 11:36:16.979  INFO 4736 --- [restartedMain] c.m.l.LineupGeneratorApplication         : No active profile set, falling back to default profiles: default
2016-01-29 11:36:17.151  INFO 4736 --- [restartedMain] ationConfigEmbeddedWebApplicationContext : Refreshing org.springframework.boot.context.embedded.AnnotationConfigEmbeddedWebApplicationContext@47f44124: startup date [Fri Jan 29 11:36:17 CET 2016]; root of context hierarchy
2016-01-29 11:36:17.917  INFO 4736 --- [restartedMain] o.s.b.f.s.DefaultListableBeanFactory     : Overriding bean definition for bean 'beanNameViewResolver' with a different definition: replacing [Root bean: class [null]; scope=; abstract=false; lazyInit=false; autowireMode=3; dependencyCheck=0; autowireCandidate=true; primary=false; factoryBeanName=org.springframework.boot.autoconfigure.web.ErrorMvcAutoConfiguration$WhitelabelErrorViewConfiguration; factoryMethodName=beanNameViewResolver; initMethodName=null; destroyMethodName=(inferred); defined in class path resource [org/springframework/boot/autoconfigure/web/ErrorMvcAutoConfiguration$WhitelabelErrorViewConfiguration.class]] with [Root bean: class [null]; scope=; abstract=false; lazyInit=false; autowireMode=3; dependencyCheck=0; autowireCandidate=true; primary=false; factoryBeanName=org.springframework.boot.autoconfigure.web.WebMvcAutoConfiguration$WebMvcAutoConfigurationAdapter; factoryMethodName=beanNameViewResolver; initMethodName=null; destroyMethodName=(inferred); defined in class path resource [org/springframework/boot/autoconfigure/web/WebMvcAutoConfiguration$WebMvcAutoConfigurationAdapter.class]]
2016-01-29 11:36:18.654  INFO 4736 --- [restartedMain] s.b.c.e.t.TomcatEmbeddedServletContainer : Tomcat initialized with port(s): 8080 (http)
2016-01-29 11:36:18.665  INFO 4736 --- [restartedMain] o.apache.catalina.core.StandardService   : Starting service Tomcat
2016-01-29 11:36:18.666  INFO 4736 --- [restartedMain] org.apache.catalina.core.StandardEngine  : Starting Servlet Engine: Apache Tomcat/8.0.30
2016-01-29 11:36:18.749  INFO 4736 --- [localhost-startStop-1] o.a.c.c.C.[Tomcat].[localhost].[/]       : Initializing Spring embedded WebApplicationContext
2016-01-29 11:36:18.749  INFO 4736 --- [localhost-startStop-1] o.s.web.context.ContextLoader            : Root WebApplicationContext: initialization completed in 1598 ms
2016-01-29 11:36:19.017  INFO 4736 --- [localhost-startStop-1] o.s.b.c.embedded.FilterRegistrationBean  : Mapping filter: 'characterEncodingFilter' to: [/*]
2016-01-29 11:36:19.018  INFO 4736 --- [localhost-startStop-1] o.s.b.c.embedded.FilterRegistrationBean  : Mapping filter: 'hiddenHttpMethodFilter' to: [/*]
2016-01-29 11:36:19.018  INFO 4736 --- [localhost-startStop-1] o.s.b.c.embedded.FilterRegistrationBean  : Mapping filter: 'httpPutFormContentFilter' to: [/*]
2016-01-29 11:36:19.018  INFO 4736 --- [localhost-startStop-1] o.s.b.c.embedded.FilterRegistrationBean  : Mapping filter: 'requestContextFilter' to: [/*]
2016-01-29 11:36:19.019  INFO 4736 --- [localhost-startStop-1] .e.DelegatingFilterProxyRegistrationBean : Mapping filter: 'springSecurityFilterChain' to: [/*]
2016-01-29 11:36:19.020  INFO 4736 --- [localhost-startStop-1] o.s.b.c.embedded.FilterRegistrationBean  : Mapping filter: 'oauth2ClientContextFilter' to: [/*]
2016-01-29 11:36:19.020  INFO 4736 --- [localhost-startStop-1] o.s.b.c.e.ServletRegistrationBean        : Mapping servlet: 'dispatcherServlet' to [/]
2016-01-29 11:36:19.218  INFO 4736 --- [localhost-startStop-1] b.a.s.AuthenticationManagerConfiguration : 

Using default security password: 8374db39-7014-4eb4-ae49-9983afd28c5e

2016-01-29 11:36:19.407  INFO 4736 --- [localhost-startStop-1] o.s.s.web.DefaultSecurityFilterChain     : Creating filter chain: org.springframework.security.web.util.matcher.AnyRequestMatcher@1, [org.springframework.security.web.context.request.async.WebAsyncManagerIntegrationFilter@4d47f125, org.springframework.security.web.context.SecurityContextPersistenceFilter@100f7bc8, org.springframework.security.web.header.HeaderWriterFilter@329989d4, org.springframework.security.web.csrf.CsrfFilter@569af4da, org.springframework.security.web.authentication.logout.LogoutFilter@281772b8, org.springframework.security.web.savedrequest.RequestCacheAwareFilter@2ef2f935, org.springframework.security.web.servletapi.SecurityContextHolderAwareRequestFilter@702a433b, org.springframework.security.web.authentication.AnonymousAuthenticationFilter@47982606, org.springframework.security.web.session.SessionManagementFilter@336d274f, org.springframework.security.web.access.ExceptionTranslationFilter@4a0c60e2, org.springframework.security.web.access.intercept.FilterSecurityInterceptor@75dd47d]
2016-01-29 11:36:19.411  INFO 4736 --- [localhost-startStop-1] o.s.s.web.DefaultSecurityFilterChain     : Creating filter chain: Ant [pattern='/**'], [org.springframework.security.web.context.request.async.WebAsyncManagerIntegrationFilter@61c57dae, org.springframework.security.web.context.SecurityContextPersistenceFilter@79f2bc28, org.springframework.security.web.header.HeaderWriterFilter@36528acc, org.springframework.security.web.csrf.CsrfFilter@60ade106, org.springframework.security.web.authentication.logout.LogoutFilter@b660b76, org.springframework.security.oauth2.client.filter.OAuth2ClientAuthenticationProcessingFilter@5b0f35f7, org.springframework.security.web.savedrequest.RequestCacheAwareFilter@7bdcb6b, org.springframework.security.web.servletapi.SecurityContextHolderAwareRequestFilter@251b25ba, org.springframework.security.web.authentication.AnonymousAuthenticationFilter@4b319e50, org.springframework.security.web.session.SessionManagementFilter@749b5906, org.springframework.security.web.access.ExceptionTranslationFilter@3978e934, org.springframework.security.web.access.intercept.FilterSecurityInterceptor@495ac6ce]
2016-01-29 11:36:19.568  INFO 4736 --- [restartedMain] s.w.s.m.m.a.RequestMappingHandlerAdapter : Looking for @ControllerAdvice: org.springframework.boot.context.embedded.AnnotationConfigEmbeddedWebApplicationContext@47f44124: startup date [Fri Jan 29 11:36:17 CET 2016]; root of context hierarchy
2016-01-29 11:36:19.617  INFO 4736 --- [restartedMain] s.w.s.m.m.a.RequestMappingHandlerMapping : Mapped "{[/csvFile],methods=[POST]}" onto public java.lang.String com.maven8919.lineupgenerator.controller.CsvFileController.csvFile(org.springframework.web.multipart.MultipartFile,org.springframework.ui.Model)
2016-01-29 11:36:19.618  INFO 4736 --- [restartedMain] s.w.s.m.m.a.RequestMappingHandlerMapping : Mapped "{[/]}" onto public java.lang.String com.maven8919.lineupgenerator.controller.IndexController.index()
2016-01-29 11:36:19.620  INFO 4736 --- [restartedMain] s.w.s.m.m.a.RequestMappingHandlerMapping : Mapped "{[/error]}" onto public org.springframework.http.ResponseEntity<java.util.Map<java.lang.String, java.lang.Object>> org.springframework.boot.autoconfigure.web.BasicErrorController.error(javax.servlet.http.HttpServletRequest)
2016-01-29 11:36:19.620  INFO 4736 --- [restartedMain] s.w.s.m.m.a.RequestMappingHandlerMapping : Mapped "{[/error],produces=[text/html]}" onto public org.springframework.web.servlet.ModelAndView org.springframework.boot.autoconfigure.web.BasicErrorController.errorHtml(javax.servlet.http.HttpServletRequest,javax.servlet.http.HttpServletResponse)
2016-01-29 11:36:19.642  INFO 4736 --- [restartedMain] o.s.w.s.handler.SimpleUrlHandlerMapping  : Mapped URL path [/webjars/**] onto handler of type [class org.springframework.web.servlet.resource.ResourceHttpRequestHandler]
2016-01-29 11:36:19.643  INFO 4736 --- [restartedMain] o.s.w.s.handler.SimpleUrlHandlerMapping  : Mapped URL path [/**] onto handler of type [class org.springframework.web.servlet.resource.ResourceHttpRequestHandler]
2016-01-29 11:36:19.672  INFO 4736 --- [restartedMain] o.s.w.s.handler.SimpleUrlHandlerMapping  : Mapped URL path [/**/favicon.ico] onto handler of type [class org.springframework.web.servlet.resource.ResourceHttpRequestHandler]
2016-01-29 11:36:20.050  INFO 4736 --- [restartedMain] o.s.b.d.a.OptionalLiveReloadServer       : LiveReload server is running on port 35729
2016-01-29 11:36:20.082  INFO 4736 --- [restartedMain] o.s.j.e.a.AnnotationMBeanExporter        : Registering beans for JMX exposure on startup
2016-01-29 11:36:20.129  INFO 4736 --- [restartedMain] s.b.c.e.t.TomcatEmbeddedServletContainer : Tomcat started on port(s): 8080 (http)
2016-01-29 11:36:20.144  INFO 4736 --- [restartedMain] c.m.l.LineupGeneratorApplication         : Started LineupGeneratorApplication in 3.556 seconds (JVM running for 4.012)
2016-01-29 11:36:42.855  INFO 4736 --- [http-nio-8080-exec-1] o.a.c.c.C.[Tomcat].[localhost].[/]       : Initializing Spring FrameworkServlet 'dispatcherServlet'
2016-01-29 11:36:42.856  INFO 4736 --- [http-nio-8080-exec-1] o.s.web.servlet.DispatcherServlet        : FrameworkServlet 'dispatcherServlet': initialization started
2016-01-29 11:36:42.868  INFO 4736 --- [http-nio-8080-exec-1] o.s.web.servlet.DispatcherServlet        : FrameworkServlet 'dispatcherServlet': initialization completed in 12 ms
2016-01-29 11:39:11.532  INFO 4736 --- [Thread-8] ationConfigEmbeddedWebApplicationContext : Closing org.springframework.boot.context.embedded.AnnotationConfigEmbeddedWebApplicationContext@47f44124: startup date [Fri Jan 29 11:36:17 CET 2016]; root of context hierarchy
2016-01-29 11:39:11.532  INFO 4736 --- [Thread-8] o.s.j.e.a.AnnotationMBeanExporter        : Unregistering JMX-exposed beans on shutdown
2016-01-29 11:39:11.744  INFO 4736 --- [restartedMain] c.m.l.LineupGeneratorApplication         : Starting LineupGeneratorApplication on EPHUBUDW0306 with PID 4736 (D:\sts_workspace\lineup-generator\target\classes started by Levente_Bakos in D:\sts_workspace\lineup-generator)
2016-01-29 11:39:11.744  INFO 4736 --- [restartedMain] c.m.l.LineupGeneratorApplication         : No active profile set, falling back to default profiles: default
2016-01-29 11:39:11.745  INFO 4736 --- [restartedMain] ationConfigEmbeddedWebApplicationContext : Refreshing org.springframework.boot.context.embedded.AnnotationConfigEmbeddedWebApplicationContext@39868912: startup date [Fri Jan 29 11:39:11 CET 2016]; root of context hierarchy
2016-01-29 11:39:12.119  INFO 4736 --- [restartedMain] o.s.b.f.s.DefaultListableBeanFactory     : Overriding bean definition for bean 'beanNameViewResolver' with a different definition: replacing [Root bean: class [null]; scope=; abstract=false; lazyInit=false; autowireMode=3; dependencyCheck=0; autowireCandidate=true; primary=false; factoryBeanName=org.springframework.boot.autoconfigure.web.ErrorMvcAutoConfiguration$WhitelabelErrorViewConfiguration; factoryMethodName=beanNameViewResolver; initMethodName=null; destroyMethodName=(inferred); defined in class path resource [org/springframework/boot/autoconfigure/web/ErrorMvcAutoConfiguration$WhitelabelErrorViewConfiguration.class]] with [Root bean: class [null]; scope=; abstract=false; lazyInit=false; autowireMode=3; dependencyCheck=0; autowireCandidate=true; primary=false; factoryBeanName=org.springframework.boot.autoconfigure.web.WebMvcAutoConfiguration$WebMvcAutoConfigurationAdapter; factoryMethodName=beanNameViewResolver; initMethodName=null; destroyMethodName=(inferred); defined in class path resource [org/springframework/boot/autoconfigure/web/WebMvcAutoConfiguration$WebMvcAutoConfigurationAdapter.class]]
2016-01-29 11:39:12.205  INFO 4736 --- [restartedMain] s.b.c.e.t.TomcatEmbeddedServletContainer : Tomcat initialized with port(s): 8080 (http)
2016-01-29 11:39:12.205  INFO 4736 --- [restartedMain] o.apache.catalina.core.StandardService   : Starting service Tomcat
2016-01-29 11:39:12.205  INFO 4736 --- [restartedMain] org.apache.catalina.core.StandardEngine  : Starting Servlet Engine: Apache Tomcat/8.0.30
2016-01-29 11:39:12.213  INFO 4736 --- [localhost-startStop-1] o.a.c.c.C.[Tomcat].[localhost].[/]       : Initializing Spring embedded WebApplicationContext
2016-01-29 11:39:12.214  INFO 4736 --- [localhost-startStop-1] o.s.web.context.ContextLoader            : Root WebApplicationContext: initialization completed in 469 ms
2016-01-29 11:39:12.277  INFO 4736 --- [localhost-startStop-1] o.s.b.c.embedded.FilterRegistrationBean  : Mapping filter: 'characterEncodingFilter' to: [/*]
2016-01-29 11:39:12.277  INFO 4736 --- [localhost-startStop-1] o.s.b.c.embedded.FilterRegistrationBean  : Mapping filter: 'hiddenHttpMethodFilter' to: [/*]
2016-01-29 11:39:12.277  INFO 4736 --- [localhost-startStop-1] o.s.b.c.embedded.FilterRegistrationBean  : Mapping filter: 'httpPutFormContentFilter' to: [/*]
2016-01-29 11:39:12.277  INFO 4736 --- [localhost-startStop-1] o.s.b.c.embedded.FilterRegistrationBean  : Mapping filter: 'requestContextFilter' to: [/*]
2016-01-29 11:39:12.277  INFO 4736 --- [localhost-startStop-1] .e.DelegatingFilterProxyRegistrationBean : Mapping filter: 'springSecurityFilterChain' to: [/*]
2016-01-29 11:39:12.277  INFO 4736 --- [localhost-startStop-1] o.s.b.c.embedded.FilterRegistrationBean  : Mapping filter: 'oauth2ClientContextFilter' to: [/*]
2016-01-29 11:39:12.277  INFO 4736 --- [localhost-startStop-1] o.s.b.c.e.ServletRegistrationBean        : Mapping servlet: 'dispatcherServlet' to [/]
2016-01-29 11:39:12.316  INFO 4736 --- [localhost-startStop-1] b.a.s.AuthenticationManagerConfiguration : 

Using default security password: 0f546a04-b779-4c07-b6d4-9d4fb16639eb

2016-01-29 11:39:12.350  INFO 4736 --- [localhost-startStop-1] o.s.s.web.DefaultSecurityFilterChain     : Creating filter chain: org.springframework.security.web.util.matcher.AnyRequestMatcher@1, [org.springframework.security.web.context.request.async.WebAsyncManagerIntegrationFilter@1f029cd, org.springframework.security.web.context.SecurityContextPersistenceFilter@4c082ae6, org.springframework.security.web.header.HeaderWriterFilter@22d54761, org.springframework.security.web.csrf.CsrfFilter@2b29e451, org.springframework.security.web.authentication.logout.LogoutFilter@6288811d, org.springframework.security.web.savedrequest.RequestCacheAwareFilter@78ddf098, org.springframework.security.web.servletapi.SecurityContextHolderAwareRequestFilter@703b5ead, org.springframework.security.web.authentication.AnonymousAuthenticationFilter@4b433130, org.springframework.security.web.session.SessionManagementFilter@28e748c7, org.springframework.security.web.access.ExceptionTranslationFilter@2e334a5d, org.springframework.security.web.access.intercept.FilterSecurityInterceptor@40258da1]
2016-01-29 11:39:12.352  INFO 4736 --- [localhost-startStop-1] o.s.s.web.DefaultSecurityFilterChain     : Creating filter chain: Ant [pattern='/**'], [org.springframework.security.web.context.request.async.WebAsyncManagerIntegrationFilter@66ca004, org.springframework.security.web.context.SecurityContextPersistenceFilter@4b3e4e9c, org.springframework.security.web.header.HeaderWriterFilter@5aa9bbaa, org.springframework.security.web.csrf.CsrfFilter@1000379a, org.springframework.security.web.authentication.logout.LogoutFilter@122cfcc9, org.springframework.security.oauth2.client.filter.OAuth2ClientAuthenticationProcessingFilter@394ea24b, org.springframework.security.web.savedrequest.RequestCacheAwareFilter@47eb1141, org.springframework.security.web.servletapi.SecurityContextHolderAwareRequestFilter@508886fd, org.springframework.security.web.authentication.AnonymousAuthenticationFilter@4c35db98, org.springframework.security.web.session.SessionManagementFilter@5a930eb3, org.springframework.security.web.access.ExceptionTranslationFilter@2de437a5, org.springframework.security.web.access.intercept.FilterSecurityInterceptor@5535caf6]
2016-01-29 11:39:12.382  INFO 4736 --- [restartedMain] s.w.s.m.m.a.RequestMappingHandlerAdapter : Looking for @ControllerAdvice: org.springframework.boot.context.embedded.AnnotationConfigEmbeddedWebApplicationContext@39868912: startup date [Fri Jan 29 11:39:11 CET 2016]; root of context hierarchy
2016-01-29 11:39:12.386  INFO 4736 --- [restartedMain] s.w.s.m.m.a.RequestMappingHandlerMapping : Mapped "{[/csvFile],methods=[POST]}" onto public java.lang.String com.maven8919.lineupgenerator.controller.CsvFileController.csvFile(org.springframework.web.multipart.MultipartFile,org.springframework.ui.Model)
2016-01-29 11:39:12.387  INFO 4736 --- [restartedMain] s.w.s.m.m.a.RequestMappingHandlerMapping : Mapped "{[/]}" onto public java.lang.String com.maven8919.lineupgenerator.controller.IndexController.index()
2016-01-29 11:39:12.388  INFO 4736 --- [restartedMain] s.w.s.m.m.a.RequestMappingHandlerMapping : Mapped "{[/error]}" onto public org.springframework.http.ResponseEntity<java.util.Map<java.lang.String, java.lang.Object>> org.springframework.boot.autoconfigure.web.BasicErrorController.error(javax.servlet.http.HttpServletRequest)
2016-01-29 11:39:12.388  INFO 4736 --- [restartedMain] s.w.s.m.m.a.RequestMappingHandlerMapping : Mapped "{[/error],produces=[text/html]}" onto public org.springframework.web.servlet.ModelAndView org.springframework.boot.autoconfigure.web.BasicErrorController.errorHtml(javax.servlet.http.HttpServletRequest,javax.servlet.http.HttpServletResponse)
2016-01-29 11:39:12.393  INFO 4736 --- [restartedMain] o.s.w.s.handler.SimpleUrlHandlerMapping  : Mapped URL path [/webjars/**] onto handler of type [class org.springframework.web.servlet.resource.ResourceHttpRequestHandler]
2016-01-29 11:39:12.393  INFO 4736 --- [restartedMain] o.s.w.s.handler.SimpleUrlHandlerMapping  : Mapped URL path [/**] onto handler of type [class org.springframework.web.servlet.resource.ResourceHttpRequestHandler]
2016-01-29 11:39:12.401  INFO 4736 --- [restartedMain] o.s.w.s.handler.SimpleUrlHandlerMapping  : Mapped URL path [/**/favicon.ico] onto handler of type [class org.springframework.web.servlet.resource.ResourceHttpRequestHandler]
2016-01-29 11:39:12.430  INFO 4736 --- [restartedMain] o.s.b.d.a.OptionalLiveReloadServer       : LiveReload server is running on port 35729
2016-01-29 11:39:12.462  INFO 4736 --- [restartedMain] o.s.j.e.a.AnnotationMBeanExporter        : Registering beans for JMX exposure on startup
2016-01-29 11:39:12.472  INFO 4736 --- [restartedMain] s.b.c.e.t.TomcatEmbeddedServletContainer : Tomcat started on port(s): 8080 (http)
2016-01-29 11:39:12.474  INFO 4736 --- [restartedMain] c.m.l.LineupGeneratorApplication         : Started LineupGeneratorApplication in 0.785 seconds (JVM running for 176.334)
2016-01-29 11:39:25.007  INFO 4736 --- [Thread-13] ationConfigEmbeddedWebApplicationContext : Closing org.springframework.boot.context.embedded.AnnotationConfigEmbeddedWebApplicationContext@39868912: startup date [Fri Jan 29 11:39:11 CET 2016]; root of context hierarchy
2016-01-29 11:39:25.009  INFO 4736 --- [Thread-13] o.s.j.e.a.AnnotationMBeanExporter        : Unregistering JMX-exposed beans on shutdown
2016-01-29 11:39:25.190  INFO 4736 --- [restartedMain] c.m.l.LineupGeneratorApplication         : Starting LineupGeneratorApplication on EPHUBUDW0306 with PID 4736 (D:\sts_workspace\lineup-generator\target\classes started by Levente_Bakos in D:\sts_workspace\lineup-generator)
2016-01-29 11:39:25.190  INFO 4736 --- [restartedMain] c.m.l.LineupGeneratorApplication         : No active profile set, falling back to default profiles: default
2016-01-29 11:39:25.191  INFO 4736 --- [restartedMain] ationConfigEmbeddedWebApplicationContext : Refreshing org.springframework.boot.context.embedded.AnnotationConfigEmbeddedWebApplicationContext@775beb0c: startup date [Fri Jan 29 11:39:25 CET 2016]; root of context hierarchy
2016-01-29 11:39:25.529  INFO 4736 --- [restartedMain] o.s.b.f.s.DefaultListableBeanFactory     : Overriding bean definition for bean 'beanNameViewResolver' with a different definition: replacing [Root bean: class [null]; scope=; abstract=false; lazyInit=false; autowireMode=3; dependencyCheck=0; autowireCandidate=true; primary=false; factoryBeanName=org.springframework.boot.autoconfigure.web.ErrorMvcAutoConfiguration$WhitelabelErrorViewConfiguration; factoryMethodName=beanNameViewResolver; initMethodName=null; destroyMethodName=(inferred); defined in class path resource [org/springframework/boot/autoconfigure/web/ErrorMvcAutoConfiguration$WhitelabelErrorViewConfiguration.class]] with [Root bean: class [null]; scope=; abstract=false; lazyInit=false; autowireMode=3; dependencyCheck=0; autowireCandidate=true; primary=false; factoryBeanName=org.springframework.boot.autoconfigure.web.WebMvcAutoConfiguration$WebMvcAutoConfigurationAdapter; factoryMethodName=beanNameViewResolver; initMethodName=null; destroyMethodName=(inferred); defined in class path resource [org/springframework/boot/autoconfigure/web/WebMvcAutoConfiguration$WebMvcAutoConfigurationAdapter.class]]
2016-01-29 11:39:25.596  INFO 4736 --- [restartedMain] s.b.c.e.t.TomcatEmbeddedServletContainer : Tomcat initialized with port(s): 8080 (http)
2016-01-29 11:39:25.597  INFO 4736 --- [restartedMain] o.apache.catalina.core.StandardService   : Starting service Tomcat
2016-01-29 11:39:25.597  INFO 4736 --- [restartedMain] org.apache.catalina.core.StandardEngine  : Starting Servlet Engine: Apache Tomcat/8.0.30
2016-01-29 11:39:25.604  INFO 4736 --- [localhost-startStop-1] o.a.c.c.C.[Tomcat].[localhost].[/]       : Initializing Spring embedded WebApplicationContext
2016-01-29 11:39:25.605  INFO 4736 --- [localhost-startStop-1] o.s.web.context.ContextLoader            : Root WebApplicationContext: initialization completed in 414 ms
2016-01-29 11:39:25.657  INFO 4736 --- [localhost-startStop-1] o.s.b.c.embedded.FilterRegistrationBean  : Mapping filter: 'characterEncodingFilter' to: [/*]
2016-01-29 11:39:25.657  INFO 4736 --- [localhost-startStop-1] o.s.b.c.embedded.FilterRegistrationBean  : Mapping filter: 'hiddenHttpMethodFilter' to: [/*]
2016-01-29 11:39:25.658  INFO 4736 --- [localhost-startStop-1] o.s.b.c.embedded.FilterRegistrationBean  : Mapping filter: 'httpPutFormContentFilter' to: [/*]
2016-01-29 11:39:25.658  INFO 4736 --- [localhost-startStop-1] o.s.b.c.embedded.FilterRegistrationBean  : Mapping filter: 'requestContextFilter' to: [/*]
2016-01-29 11:39:25.658  INFO 4736 --- [localhost-startStop-1] .e.DelegatingFilterProxyRegistrationBean : Mapping filter: 'springSecurityFilterChain' to: [/*]
2016-01-29 11:39:25.658  INFO 4736 --- [localhost-startStop-1] o.s.b.c.embedded.FilterRegistrationBean  : Mapping filter: 'oauth2ClientContextFilter' to: [/*]
2016-01-29 11:39:25.658  INFO 4736 --- [localhost-startStop-1] o.s.b.c.e.ServletRegistrationBean        : Mapping servlet: 'dispatcherServlet' to [/]
2016-01-29 11:39:25.692  INFO 4736 --- [localhost-startStop-1] b.a.s.AuthenticationManagerConfiguration : 

Using default security password: b51d04ba-374e-41ea-8ed6-bdc193b4fa39

2016-01-29 11:39:25.724  INFO 4736 --- [localhost-startStop-1] o.s.s.web.DefaultSecurityFilterChain     : Creating filter chain: org.springframework.security.web.util.matcher.AnyRequestMatcher@1, [org.springframework.security.web.context.request.async.WebAsyncManagerIntegrationFilter@3673b51b, org.springframework.security.web.context.SecurityContextPersistenceFilter@63a07b02, org.springframework.security.web.header.HeaderWriterFilter@780d5ded, org.springframework.security.web.csrf.CsrfFilter@514003fe, org.springframework.security.web.authentication.logout.LogoutFilter@3865f085, org.springframework.security.web.savedrequest.RequestCacheAwareFilter@6e751048, org.springframework.security.web.servletapi.SecurityContextHolderAwareRequestFilter@7c05ca5e, org.springframework.security.web.authentication.AnonymousAuthenticationFilter@4bc335e3, org.springframework.security.web.session.SessionManagementFilter@32aed15a, org.springframework.security.web.access.ExceptionTranslationFilter@2864b781, org.springframework.security.web.access.intercept.FilterSecurityInterceptor@155bdad8]
2016-01-29 11:39:25.725  INFO 4736 --- [localhost-startStop-1] o.s.s.web.DefaultSecurityFilterChain     : Creating filter chain: Ant [pattern='/**'], [org.springframework.security.web.context.request.async.WebAsyncManagerIntegrationFilter@2b9fda84, org.springframework.security.web.context.SecurityContextPersistenceFilter@180ca430, org.springframework.security.web.header.HeaderWriterFilter@3889f5d5, org.springframework.security.web.csrf.CsrfFilter@477b9c04, org.springframework.security.web.authentication.logout.LogoutFilter@5fcaf36e, org.springframework.security.oauth2.client.filter.OAuth2ClientAuthenticationProcessingFilter@36f8f4f7, org.springframework.security.web.savedrequest.RequestCacheAwareFilter@4feedfbe, org.springframework.security.web.servletapi.SecurityContextHolderAwareRequestFilter@383ebccb, org.springframework.security.web.authentication.AnonymousAuthenticationFilter@4f945196, org.springframework.security.web.session.SessionManagementFilter@38c93f9, org.springframework.security.web.access.ExceptionTranslationFilter@2ddf4d52, org.springframework.security.web.access.intercept.FilterSecurityInterceptor@5e7c2e31]
2016-01-29 11:39:25.752  INFO 4736 --- [restartedMain] s.w.s.m.m.a.RequestMappingHandlerAdapter : Looking for @ControllerAdvice: org.springframework.boot.context.embedded.AnnotationConfigEmbeddedWebApplicationContext@775beb0c: startup date [Fri Jan 29 11:39:25 CET 2016]; root of context hierarchy
2016-01-29 11:39:25.756  INFO 4736 --- [restartedMain] s.w.s.m.m.a.RequestMappingHandlerMapping : Mapped "{[/csvFile],methods=[POST]}" onto public java.lang.String com.maven8919.lineupgenerator.controller.CsvFileController.csvFile(org.springframework.web.multipart.MultipartFile,org.springframework.ui.Model)
2016-01-29 11:39:25.756  INFO 4736 --- [restartedMain] s.w.s.m.m.a.RequestMappingHandlerMapping : Mapped "{[/]}" onto public java.lang.String com.maven8919.lineupgenerator.controller.IndexController.index()
2016-01-29 11:39:25.759  INFO 4736 --- [restartedMain] s.w.s.m.m.a.RequestMappingHandlerMapping : Mapped "{[/error]}" onto public org.springframework.http.ResponseEntity<java.util.Map<java.lang.String, java.lang.Object>> org.springframework.boot.autoconfigure.web.BasicErrorController.error(javax.servlet.http.HttpServletRequest)
2016-01-29 11:39:25.759  INFO 4736 --- [restartedMain] s.w.s.m.m.a.RequestMappingHandlerMapping : Mapped "{[/error],produces=[text/html]}" onto public org.springframework.web.servlet.ModelAndView org.springframework.boot.autoconfigure.web.BasicErrorController.errorHtml(javax.servlet.http.HttpServletRequest,javax.servlet.http.HttpServletResponse)
2016-01-29 11:39:25.763  INFO 4736 --- [restartedMain] o.s.w.s.handler.SimpleUrlHandlerMapping  : Mapped URL path [/webjars/**] onto handler of type [class org.springframework.web.servlet.resource.ResourceHttpRequestHandler]
2016-01-29 11:39:25.763  INFO 4736 --- [restartedMain] o.s.w.s.handler.SimpleUrlHandlerMapping  : Mapped URL path [/**] onto handler of type [class org.springframework.web.servlet.resource.ResourceHttpRequestHandler]
2016-01-29 11:39:25.770  INFO 4736 --- [restartedMain] o.s.w.s.handler.SimpleUrlHandlerMapping  : Mapped URL path [/**/favicon.ico] onto handler of type [class org.springframework.web.servlet.resource.ResourceHttpRequestHandler]
2016-01-29 11:39:25.803  INFO 4736 --- [restartedMain] o.s.b.d.a.OptionalLiveReloadServer       : LiveReload server is running on port 35729
2016-01-29 11:39:25.843  INFO 4736 --- [restartedMain] o.s.j.e.a.AnnotationMBeanExporter        : Registering beans for JMX exposure on startup
2016-01-29 11:39:25.858  INFO 4736 --- [restartedMain] s.b.c.e.t.TomcatEmbeddedServletContainer : Tomcat started on port(s): 8080 (http)
2016-01-29 11:39:25.861  INFO 4736 --- [restartedMain] c.m.l.LineupGeneratorApplication         : Started LineupGeneratorApplication in 0.722 seconds (JVM running for 189.721)
2016-01-29 11:39:34.878  INFO 4736 --- [http-nio-8080-exec-1] o.a.c.c.C.[Tomcat].[localhost].[/]       : Initializing Spring FrameworkServlet 'dispatcherServlet'
2016-01-29 11:39:34.878  INFO 4736 --- [http-nio-8080-exec-1] o.s.web.servlet.DispatcherServlet        : FrameworkServlet 'dispatcherServlet': initialization started
2016-01-29 11:39:34.880  INFO 4736 --- [http-nio-8080-exec-1] o.s.web.servlet.DispatcherServlet        : FrameworkServlet 'dispatcherServlet': initialization completed in 2 ms
2016-01-29 11:39:43.478 ERROR 4736 --- [http-nio-8080-exec-5] c.m.l.service.PlayerListerService        : Started generating starters! error
2016-01-29 11:39:43.479  INFO 4736 --- [http-nio-8080-exec-5] c.m.l.service.PlayerListerService        : Started generating starters! info
2016-01-29 11:39:43.479  WARN 4736 --- [http-nio-8080-exec-5] c.m.l.service.PlayerListerService        : Started generating starters! warn
2016-01-29 11:40:47.243  INFO 4736 --- [Thread-18] ationConfigEmbeddedWebApplicationContext : Closing org.springframework.boot.context.embedded.AnnotationConfigEmbeddedWebApplicationContext@775beb0c: startup date [Fri Jan 29 11:39:25 CET 2016]; root of context hierarchy
2016-01-29 11:40:47.243  INFO 4736 --- [Thread-18] o.s.j.e.a.AnnotationMBeanExporter        : Unregistering JMX-exposed beans on shutdown
2016-01-29 11:40:47.460  INFO 4736 --- [restartedMain] c.m.l.LineupGeneratorApplication         : Starting LineupGeneratorApplication on EPHUBUDW0306 with PID 4736 (D:\sts_workspace\lineup-generator\target\classes started by Levente_Bakos in D:\sts_workspace\lineup-generator)
2016-01-29 11:40:47.460  INFO 4736 --- [restartedMain] c.m.l.LineupGeneratorApplication         : No active profile set, falling back to default profiles: default
2016-01-29 11:40:47.461  INFO 4736 --- [restartedMain] ationConfigEmbeddedWebApplicationContext : Refreshing org.springframework.boot.context.embedded.AnnotationConfigEmbeddedWebApplicationContext@1c9b9b47: startup date [Fri Jan 29 11:40:47 CET 2016]; root of context hierarchy
2016-01-29 11:40:47.779  INFO 4736 --- [restartedMain] o.s.b.f.s.DefaultListableBeanFactory     : Overriding bean definition for bean 'beanNameViewResolver' with a different definition: replacing [Root bean: class [null]; scope=; abstract=false; lazyInit=false; autowireMode=3; dependencyCheck=0; autowireCandidate=true; primary=false; factoryBeanName=org.springframework.boot.autoconfigure.web.ErrorMvcAutoConfiguration$WhitelabelErrorViewConfiguration; factoryMethodName=beanNameViewResolver; initMethodName=null; destroyMethodName=(inferred); defined in class path resource [org/springframework/boot/autoconfigure/web/ErrorMvcAutoConfiguration$WhitelabelErrorViewConfiguration.class]] with [Root bean: class [null]; scope=; abstract=false; lazyInit=false; autowireMode=3; dependencyCheck=0; autowireCandidate=true; primary=false; factoryBeanName=org.springframework.boot.autoconfigure.web.WebMvcAutoConfiguration$WebMvcAutoConfigurationAdapter; factoryMethodName=beanNameViewResolver; initMethodName=null; destroyMethodName=(inferred); defined in class path resource [org/springframework/boot/autoconfigure/web/WebMvcAutoConfiguration$WebMvcAutoConfigurationAdapter.class]]
2016-01-29 11:40:47.845  INFO 4736 --- [restartedMain] s.b.c.e.t.TomcatEmbeddedServletContainer : Tomcat initialized with port(s): 8080 (http)
2016-01-29 11:40:47.846  INFO 4736 --- [restartedMain] o.apache.catalina.core.StandardService   : Starting service Tomcat
2016-01-29 11:40:47.846  INFO 4736 --- [restartedMain] org.apache.catalina.core.StandardEngine  : Starting Servlet Engine: Apache Tomcat/8.0.30
2016-01-29 11:40:47.853  INFO 4736 --- [localhost-startStop-1] o.a.c.c.C.[Tomcat].[localhost].[/]       : Initializing Spring embedded WebApplicationContext
2016-01-29 11:40:47.854  INFO 4736 --- [localhost-startStop-1] o.s.web.context.ContextLoader            : Root WebApplicationContext: initialization completed in 393 ms
2016-01-29 11:40:47.905  INFO 4736 --- [localhost-startStop-1] o.s.b.c.embedded.FilterRegistrationBean  : Mapping filter: 'characterEncodingFilter' to: [/*]
2016-01-29 11:40:47.905  INFO 4736 --- [localhost-startStop-1] o.s.b.c.embedded.FilterRegistrationBean  : Mapping filter: 'hiddenHttpMethodFilter' to: [/*]
2016-01-29 11:40:47.905  INFO 4736 --- [localhost-startStop-1] o.s.b.c.embedded.FilterRegistrationBean  : Mapping filter: 'httpPutFormContentFilter' to: [/*]
2016-01-29 11:40:47.905  INFO 4736 --- [localhost-startStop-1] o.s.b.c.embedded.FilterRegistrationBean  : Mapping filter: 'requestContextFilter' to: [/*]
2016-01-29 11:40:47.905  INFO 4736 --- [localhost-startStop-1] .e.DelegatingFilterProxyRegistrationBean : Mapping filter: 'springSecurityFilterChain' to: [/*]
2016-01-29 11:40:47.906  INFO 4736 --- [localhost-startStop-1] o.s.b.c.embedded.FilterRegistrationBean  : Mapping filter: 'oauth2ClientContextFilter' to: [/*]
2016-01-29 11:40:47.906  INFO 4736 --- [localhost-startStop-1] o.s.b.c.e.ServletRegistrationBean        : Mapping servlet: 'dispatcherServlet' to [/]
2016-01-29 11:40:47.940  INFO 4736 --- [localhost-startStop-1] b.a.s.AuthenticationManagerConfiguration : 

Using default security password: b0977993-7676-485f-be45-2041dafe80ed

2016-01-29 11:40:47.971  INFO 4736 --- [localhost-startStop-1] o.s.s.web.DefaultSecurityFilterChain     : Creating filter chain: org.springframework.security.web.util.matcher.AnyRequestMatcher@1, [org.springframework.security.web.context.request.async.WebAsyncManagerIntegrationFilter@2eab3ad2, org.springframework.security.web.context.SecurityContextPersistenceFilter@6e2cddd4, org.springframework.security.web.header.HeaderWriterFilter@cf22919, org.springframework.security.web.csrf.CsrfFilter@11d484b5, org.springframework.security.web.authentication.logout.LogoutFilter@bbe4d94, org.springframework.security.web.savedrequest.RequestCacheAwareFilter@db3bf73, org.springframework.security.web.servletapi.SecurityContextHolderAwareRequestFilter@1014f53d, org.springframework.security.web.authentication.AnonymousAuthenticationFilter@69373754, org.springframework.security.web.session.SessionManagementFilter@5be81b30, org.springframework.security.web.access.ExceptionTranslationFilter@7fa38be1, org.springframework.security.web.access.intercept.FilterSecurityInterceptor@1b3dcf28]
2016-01-29 11:40:47.973  INFO 4736 --- [localhost-startStop-1] o.s.s.web.DefaultSecurityFilterChain     : Creating filter chain: Ant [pattern='/**'], [org.springframework.security.web.context.request.async.WebAsyncManagerIntegrationFilter@3ce18551, org.springframework.security.web.context.SecurityContextPersistenceFilter@a80bc38, org.springframework.security.web.header.HeaderWriterFilter@32aacf98, org.springframework.security.web.csrf.CsrfFilter@49260b0c, org.springframework.security.web.authentication.logout.LogoutFilter@3ed241b6, org.springframework.security.oauth2.client.filter.OAuth2ClientAuthenticationProcessingFilter@332f415a, org.springframework.security.web.savedrequest.RequestCacheAwareFilter@1490f547, org.springframework.security.web.servletapi.SecurityContextHolderAwareRequestFilter@70223e42, org.springframework.security.web.authentication.AnonymousAuthenticationFilter@52effe8c, org.springframework.security.web.session.SessionManagementFilter@7387a72f, org.springframework.security.web.access.ExceptionTranslationFilter@52f98ee9, org.springframework.security.web.access.intercept.FilterSecurityInterceptor@6f576698]
2016-01-29 11:40:47.999  INFO 4736 --- [restartedMain] s.w.s.m.m.a.RequestMappingHandlerAdapter : Looking for @ControllerAdvice: org.springframework.boot.context.embedded.AnnotationConfigEmbeddedWebApplicationContext@1c9b9b47: startup date [Fri Jan 29 11:40:47 CET 2016]; root of context hierarchy
2016-01-29 11:40:48.003  INFO 4736 --- [restartedMain] s.w.s.m.m.a.RequestMappingHandlerMapping : Mapped "{[/csvFile],methods=[POST]}" onto public java.lang.String com.maven8919.lineupgenerator.controller.CsvFileController.csvFile(org.springframework.web.multipart.MultipartFile,org.springframework.ui.Model)
2016-01-29 11:40:48.003  INFO 4736 --- [restartedMain] s.w.s.m.m.a.RequestMappingHandlerMapping : Mapped "{[/]}" onto public java.lang.String com.maven8919.lineupgenerator.controller.IndexController.index()
2016-01-29 11:40:48.004  INFO 4736 --- [restartedMain] s.w.s.m.m.a.RequestMappingHandlerMapping : Mapped "{[/error]}" onto public org.springframework.http.ResponseEntity<java.util.Map<java.lang.String, java.lang.Object>> org.springframework.boot.autoconfigure.web.BasicErrorController.error(javax.servlet.http.HttpServletRequest)
2016-01-29 11:40:48.004  INFO 4736 --- [restartedMain] s.w.s.m.m.a.RequestMappingHandlerMapping : Mapped "{[/error],produces=[text/html]}" onto public org.springframework.web.servlet.ModelAndView org.springframework.boot.autoconfigure.web.BasicErrorController.errorHtml(javax.servlet.http.HttpServletRequest,javax.servlet.http.HttpServletResponse)
2016-01-29 11:40:48.008  INFO 4736 --- [restartedMain] o.s.w.s.handler.SimpleUrlHandlerMapping  : Mapped URL path [/webjars/**] onto handler of type [class org.springframework.web.servlet.resource.ResourceHttpRequestHandler]
2016-01-29 11:40:48.009  INFO 4736 --- [restartedMain] o.s.w.s.handler.SimpleUrlHandlerMapping  : Mapped URL path [/**] onto handler of type [class org.springframework.web.servlet.resource.ResourceHttpRequestHandler]
2016-01-29 11:40:48.014  INFO 4736 --- [restartedMain] o.s.w.s.handler.SimpleUrlHandlerMapping  : Mapped URL path [/**/favicon.ico] onto handler of type [class org.springframework.web.servlet.resource.ResourceHttpRequestHandler]
2016-01-29 11:40:48.039  INFO 4736 --- [restartedMain] o.s.b.d.a.OptionalLiveReloadServer       : LiveReload server is running on port 35729
2016-01-29 11:40:48.068  INFO 4736 --- [restartedMain] o.s.j.e.a.AnnotationMBeanExporter        : Registering beans for JMX exposure on startup
2016-01-29 11:40:48.076  INFO 4736 --- [restartedMain] s.b.c.e.t.TomcatEmbeddedServletContainer : Tomcat started on port(s): 8080 (http)
2016-01-29 11:40:48.077  INFO 4736 --- [restartedMain] c.m.l.LineupGeneratorApplication         : Started LineupGeneratorApplication in 0.662 seconds (JVM running for 271.936)
2016-01-29 11:40:53.511  INFO 4736 --- [Thread-23] ationConfigEmbeddedWebApplicationContext : Closing org.springframework.boot.context.embedded.AnnotationConfigEmbeddedWebApplicationContext@1c9b9b47: startup date [Fri Jan 29 11:40:47 CET 2016]; root of context hierarchy
2016-01-29 11:40:53.511  INFO 4736 --- [Thread-23] o.s.j.e.a.AnnotationMBeanExporter        : Unregistering JMX-exposed beans on shutdown
2016-01-29 11:40:53.668  INFO 4736 --- [restartedMain] c.m.l.LineupGeneratorApplication         : Starting LineupGeneratorApplication on EPHUBUDW0306 with PID 4736 (D:\sts_workspace\lineup-generator\target\classes started by Levente_Bakos in D:\sts_workspace\lineup-generator)
2016-01-29 11:40:53.668  INFO 4736 --- [restartedMain] c.m.l.LineupGeneratorApplication         : No active profile set, falling back to default profiles: default
2016-01-29 11:40:53.668  INFO 4736 --- [restartedMain] ationConfigEmbeddedWebApplicationContext : Refreshing org.springframework.boot.context.embedded.AnnotationConfigEmbeddedWebApplicationContext@2296a7c: startup date [Fri Jan 29 11:40:53 CET 2016]; root of context hierarchy
2016-01-29 11:40:53.979  INFO 4736 --- [restartedMain] o.s.b.f.s.DefaultListableBeanFactory     : Overriding bean definition for bean 'beanNameViewResolver' with a different definition: replacing [Root bean: class [null]; scope=; abstract=false; lazyInit=false; autowireMode=3; dependencyCheck=0; autowireCandidate=true; primary=false; factoryBeanName=org.springframework.boot.autoconfigure.web.ErrorMvcAutoConfiguration$WhitelabelErrorViewConfiguration; factoryMethodName=beanNameViewResolver; initMethodName=null; destroyMethodName=(inferred); defined in class path resource [org/springframework/boot/autoconfigure/web/ErrorMvcAutoConfiguration$WhitelabelErrorViewConfiguration.class]] with [Root bean: class [null]; scope=; abstract=false; lazyInit=false; autowireMode=3; dependencyCheck=0; autowireCandidate=true; primary=false; factoryBeanName=org.springframework.boot.autoconfigure.web.WebMvcAutoConfiguration$WebMvcAutoConfigurationAdapter; factoryMethodName=beanNameViewResolver; initMethodName=null; destroyMethodName=(inferred); defined in class path resource [org/springframework/boot/autoconfigure/web/WebMvcAutoConfiguration$WebMvcAutoConfigurationAdapter.class]]
2016-01-29 11:40:54.041  INFO 4736 --- [restartedMain] s.b.c.e.t.TomcatEmbeddedServletContainer : Tomcat initialized with port(s): 8080 (http)
2016-01-29 11:40:54.041  INFO 4736 --- [restartedMain] o.apache.catalina.core.StandardService   : Starting service Tomcat
2016-01-29 11:40:54.041  INFO 4736 --- [restartedMain] org.apache.catalina.core.StandardEngine  : Starting Servlet Engine: Apache Tomcat/8.0.30
2016-01-29 11:40:54.048  INFO 4736 --- [localhost-startStop-1] o.a.c.c.C.[Tomcat].[localhost].[/]       : Initializing Spring embedded WebApplicationContext
2016-01-29 11:40:54.049  INFO 4736 --- [localhost-startStop-1] o.s.web.context.ContextLoader            : Root WebApplicationContext: initialization completed in 381 ms
2016-01-29 11:40:54.096  INFO 4736 --- [localhost-startStop-1] o.s.b.c.embedded.FilterRegistrationBean  : Mapping filter: 'characterEncodingFilter' to: [/*]
2016-01-29 11:40:54.096  INFO 4736 --- [localhost-startStop-1] o.s.b.c.embedded.FilterRegistrationBean  : Mapping filter: 'hiddenHttpMethodFilter' to: [/*]
2016-01-29 11:40:54.096  INFO 4736 --- [localhost-startStop-1] o.s.b.c.embedded.FilterRegistrationBean  : Mapping filter: 'httpPutFormContentFilter' to: [/*]
2016-01-29 11:40:54.096  INFO 4736 --- [localhost-startStop-1] o.s.b.c.embedded.FilterRegistrationBean  : Mapping filter: 'requestContextFilter' to: [/*]
2016-01-29 11:40:54.096  INFO 4736 --- [localhost-startStop-1] .e.DelegatingFilterProxyRegistrationBean : Mapping filter: 'springSecurityFilterChain' to: [/*]
2016-01-29 11:40:54.096  INFO 4736 --- [localhost-startStop-1] o.s.b.c.embedded.FilterRegistrationBean  : Mapping filter: 'oauth2ClientContextFilter' to: [/*]
2016-01-29 11:40:54.096  INFO 4736 --- [localhost-startStop-1] o.s.b.c.e.ServletRegistrationBean        : Mapping servlet: 'dispatcherServlet' to [/]
2016-01-29 11:40:54.127  INFO 4736 --- [localhost-startStop-1] b.a.s.AuthenticationManagerConfiguration : 

Using default security password: cb8d0766-ac7c-4576-8093-56a79873acf8

2016-01-29 11:40:54.157  INFO 4736 --- [localhost-startStop-1] o.s.s.web.DefaultSecurityFilterChain     : Creating filter chain: org.springframework.security.web.util.matcher.AnyRequestMatcher@1, [org.springframework.security.web.context.request.async.WebAsyncManagerIntegrationFilter@35188295, org.springframework.security.web.context.SecurityContextPersistenceFilter@7d2a799f, org.springframework.security.web.header.HeaderWriterFilter@371c29e5, org.springframework.security.web.csrf.CsrfFilter@7098ef8b, org.springframework.security.web.authentication.logout.LogoutFilter@5ad898f9, org.springframework.security.web.savedrequest.RequestCacheAwareFilter@f38f5f2, org.springframework.security.web.servletapi.SecurityContextHolderAwareRequestFilter@59bda6f1, org.springframework.security.web.authentication.AnonymousAuthenticationFilter@6248a52e, org.springframework.security.web.session.SessionManagementFilter@4af923fc, org.springframework.security.web.access.ExceptionTranslationFilter@3fb9bb2b, org.springframework.security.web.access.intercept.FilterSecurityInterceptor@24d379e2]
2016-01-29 11:40:54.159  INFO 4736 --- [localhost-startStop-1] o.s.s.web.DefaultSecurityFilterChain     : Creating filter chain: Ant [pattern='/**'], [org.springframework.security.web.context.request.async.WebAsyncManagerIntegrationFilter@7386de03, org.springframework.security.web.context.SecurityContextPersistenceFilter@5c5c1437, org.springframework.security.web.header.HeaderWriterFilter@4e62d03a, org.springframework.security.web.csrf.CsrfFilter@6aca3384, org.springframework.security.web.authentication.logout.LogoutFilter@7eace51d, org.springframework.security.oauth2.client.filter.OAuth2ClientAuthenticationProcessingFilter@628ad49c, org.springframework.security.web.savedrequest.RequestCacheAwareFilter@4ba1ab0b, org.springframework.security.web.servletapi.SecurityContextHolderAwareRequestFilter@139a4145, org.springframework.security.web.authentication.AnonymousAuthenticationFilter@3dd4995d, org.springframework.security.web.session.SessionManagementFilter@67315d46, org.springframework.security.web.access.ExceptionTranslationFilter@7f5d16e9, org.springframework.security.web.access.intercept.FilterSecurityInterceptor@5c1ed1f0]
2016-01-29 11:40:54.192  INFO 4736 --- [restartedMain] s.w.s.m.m.a.RequestMappingHandlerAdapter : Looking for @ControllerAdvice: org.springframework.boot.context.embedded.AnnotationConfigEmbeddedWebApplicationContext@2296a7c: startup date [Fri Jan 29 11:40:53 CET 2016]; root of context hierarchy
2016-01-29 11:40:54.197  INFO 4736 --- [restartedMain] s.w.s.m.m.a.RequestMappingHandlerMapping : Mapped "{[/csvFile],methods=[POST]}" onto public java.lang.String com.maven8919.lineupgenerator.controller.CsvFileController.csvFile(org.springframework.web.multipart.MultipartFile,org.springframework.ui.Model)
2016-01-29 11:40:54.197  INFO 4736 --- [restartedMain] s.w.s.m.m.a.RequestMappingHandlerMapping : Mapped "{[/]}" onto public java.lang.String com.maven8919.lineupgenerator.controller.IndexController.index()
2016-01-29 11:40:54.198  INFO 4736 --- [restartedMain] s.w.s.m.m.a.RequestMappingHandlerMapping : Mapped "{[/error]}" onto public org.springframework.http.ResponseEntity<java.util.Map<java.lang.String, java.lang.Object>> org.springframework.boot.autoconfigure.web.BasicErrorController.error(javax.servlet.http.HttpServletRequest)
2016-01-29 11:40:54.198  INFO 4736 --- [restartedMain] s.w.s.m.m.a.RequestMappingHandlerMapping : Mapped "{[/error],produces=[text/html]}" onto public org.springframework.web.servlet.ModelAndView org.springframework.boot.autoconfigure.web.BasicErrorController.errorHtml(javax.servlet.http.HttpServletRequest,javax.servlet.http.HttpServletResponse)
2016-01-29 11:40:54.203  INFO 4736 --- [restartedMain] o.s.w.s.handler.SimpleUrlHandlerMapping  : Mapped URL path [/webjars/**] onto handler of type [class org.springframework.web.servlet.resource.ResourceHttpRequestHandler]
2016-01-29 11:40:54.203  INFO 4736 --- [restartedMain] o.s.w.s.handler.SimpleUrlHandlerMapping  : Mapped URL path [/**] onto handler of type [class org.springframework.web.servlet.resource.ResourceHttpRequestHandler]
2016-01-29 11:40:54.209  INFO 4736 --- [restartedMain] o.s.w.s.handler.SimpleUrlHandlerMapping  : Mapped URL path [/**/favicon.ico] onto handler of type [class org.springframework.web.servlet.resource.ResourceHttpRequestHandler]
2016-01-29 11:40:54.232  INFO 4736 --- [restartedMain] o.s.b.d.a.OptionalLiveReloadServer       : LiveReload server is running on port 35729
2016-01-29 11:40:54.257  INFO 4736 --- [restartedMain] o.s.j.e.a.AnnotationMBeanExporter        : Registering beans for JMX exposure on startup
2016-01-29 11:40:54.265  INFO 4736 --- [restartedMain] s.b.c.e.t.TomcatEmbeddedServletContainer : Tomcat started on port(s): 8080 (http)
2016-01-29 11:40:54.266  INFO 4736 --- [restartedMain] c.m.l.LineupGeneratorApplication         : Started LineupGeneratorApplication in 0.646 seconds (JVM running for 278.124)
2016-01-29 11:40:56.677  INFO 4736 --- [Thread-28] ationConfigEmbeddedWebApplicationContext : Closing org.springframework.boot.context.embedded.AnnotationConfigEmbeddedWebApplicationContext@2296a7c: startup date [Fri Jan 29 11:40:53 CET 2016]; root of context hierarchy
2016-01-29 11:40:56.677  INFO 4736 --- [Thread-28] o.s.j.e.a.AnnotationMBeanExporter        : Unregistering JMX-exposed beans on shutdown
2016-01-29 11:40:56.882  INFO 4736 --- [restartedMain] c.m.l.LineupGeneratorApplication         : Starting LineupGeneratorApplication on EPHUBUDW0306 with PID 4736 (D:\sts_workspace\lineup-generator\target\classes started by Levente_Bakos in D:\sts_workspace\lineup-generator)
2016-01-29 11:40:56.882  INFO 4736 --- [restartedMain] c.m.l.LineupGeneratorApplication         : No active profile set, falling back to default profiles: default
2016-01-29 11:40:56.883  INFO 4736 --- [restartedMain] ationConfigEmbeddedWebApplicationContext : Refreshing org.springframework.boot.context.embedded.AnnotationConfigEmbeddedWebApplicationContext@2497dfe2: startup date [Fri Jan 29 11:40:56 CET 2016]; root of context hierarchy
2016-01-29 11:40:57.179  INFO 4736 --- [restartedMain] o.s.b.f.s.DefaultListableBeanFactory     : Overriding bean definition for bean 'beanNameViewResolver' with a different definition: replacing [Root bean: class [null]; scope=; abstract=false; lazyInit=false; autowireMode=3; dependencyCheck=0; autowireCandidate=true; primary=false; factoryBeanName=org.springframework.boot.autoconfigure.web.ErrorMvcAutoConfiguration$WhitelabelErrorViewConfiguration; factoryMethodName=beanNameViewResolver; initMethodName=null; destroyMethodName=(inferred); defined in class path resource [org/springframework/boot/autoconfigure/web/ErrorMvcAutoConfiguration$WhitelabelErrorViewConfiguration.class]] with [Root bean: class [null]; scope=; abstract=false; lazyInit=false; autowireMode=3; dependencyCheck=0; autowireCandidate=true; primary=false; factoryBeanName=org.springframework.boot.autoconfigure.web.WebMvcAutoConfiguration$WebMvcAutoConfigurationAdapter; factoryMethodName=beanNameViewResolver; initMethodName=null; destroyMethodName=(inferred); defined in class path resource [org/springframework/boot/autoconfigure/web/WebMvcAutoConfiguration$WebMvcAutoConfigurationAdapter.class]]
2016-01-29 11:40:57.239  INFO 4736 --- [restartedMain] s.b.c.e.t.TomcatEmbeddedServletContainer : Tomcat initialized with port(s): 8080 (http)
2016-01-29 11:40:57.240  INFO 4736 --- [restartedMain] o.apache.catalina.core.StandardService   : Starting service Tomcat
2016-01-29 11:40:57.240  INFO 4736 --- [restartedMain] org.apache.catalina.core.StandardEngine  : Starting Servlet Engine: Apache Tomcat/8.0.30
2016-01-29 11:40:57.247  INFO 4736 --- [localhost-startStop-1] o.a.c.c.C.[Tomcat].[localhost].[/]       : Initializing Spring embedded WebApplicationContext
2016-01-29 11:40:57.248  INFO 4736 --- [localhost-startStop-1] o.s.web.context.ContextLoader            : Root WebApplicationContext: initialization completed in 365 ms
2016-01-29 11:40:57.293  INFO 4736 --- [localhost-startStop-1] o.s.b.c.embedded.FilterRegistrationBean  : Mapping filter: 'characterEncodingFilter' to: [/*]
2016-01-29 11:40:57.293  INFO 4736 --- [localhost-startStop-1] o.s.b.c.embedded.FilterRegistrationBean  : Mapping filter: 'hiddenHttpMethodFilter' to: [/*]
2016-01-29 11:40:57.293  INFO 4736 --- [localhost-startStop-1] o.s.b.c.embedded.FilterRegistrationBean  : Mapping filter: 'httpPutFormContentFilter' to: [/*]
2016-01-29 11:40:57.293  INFO 4736 --- [localhost-startStop-1] o.s.b.c.embedded.FilterRegistrationBean  : Mapping filter: 'requestContextFilter' to: [/*]
2016-01-29 11:40:57.293  INFO 4736 --- [localhost-startStop-1] .e.DelegatingFilterProxyRegistrationBean : Mapping filter: 'springSecurityFilterChain' to: [/*]
2016-01-29 11:40:57.293  INFO 4736 --- [localhost-startStop-1] o.s.b.c.embedded.FilterRegistrationBean  : Mapping filter: 'oauth2ClientContextFilter' to: [/*]
2016-01-29 11:40:57.293  INFO 4736 --- [localhost-startStop-1] o.s.b.c.e.ServletRegistrationBean        : Mapping servlet: 'dispatcherServlet' to [/]
2016-01-29 11:40:57.318  INFO 4736 --- [localhost-startStop-1] b.a.s.AuthenticationManagerConfiguration : 

Using default security password: cfd22e87-f5c3-43ef-9685-013778e8ef14

2016-01-29 11:40:57.349  INFO 4736 --- [localhost-startStop-1] o.s.s.web.DefaultSecurityFilterChain     : Creating filter chain: org.springframework.security.web.util.matcher.AnyRequestMatcher@1, [org.springframework.security.web.context.request.async.WebAsyncManagerIntegrationFilter@67088b0d, org.springframework.security.web.context.SecurityContextPersistenceFilter@77a58d5f, org.springframework.security.web.header.HeaderWriterFilter@3c53aff5, org.springframework.security.web.csrf.CsrfFilter@5c322c07, org.springframework.security.web.authentication.logout.LogoutFilter@6d0bfec2, org.springframework.security.web.savedrequest.RequestCacheAwareFilter@20301f1e, org.springframework.security.web.servletapi.SecurityContextHolderAwareRequestFilter@13d30ea, org.springframework.security.web.authentication.AnonymousAuthenticationFilter@78ec1d0f, org.springframework.security.web.session.SessionManagementFilter@3abacc1b, org.springframework.security.web.access.ExceptionTranslationFilter@7ff506eb, org.springframework.security.web.access.intercept.FilterSecurityInterceptor@7e1d0c8d]
2016-01-29 11:40:57.349  INFO 4736 --- [localhost-startStop-1] o.s.s.web.DefaultSecurityFilterChain     : Creating filter chain: Ant [pattern='/**'], [org.springframework.security.web.context.request.async.WebAsyncManagerIntegrationFilter@b9e18b4, org.springframework.security.web.context.SecurityContextPersistenceFilter@3ee5060e, org.springframework.security.web.header.HeaderWriterFilter@45bad520, org.springframework.security.web.csrf.CsrfFilter@2b52c4d1, org.springframework.security.web.authentication.logout.LogoutFilter@35d0917, org.springframework.security.oauth2.client.filter.OAuth2ClientAuthenticationProcessingFilter@16f091a9, org.springframework.security.web.savedrequest.RequestCacheAwareFilter@72e498fa, org.springframework.security.web.servletapi.SecurityContextHolderAwareRequestFilter@61e45053, org.springframework.security.web.authentication.AnonymousAuthenticationFilter@65629fe9, org.springframework.security.web.session.SessionManagementFilter@32c3ef6, org.springframework.security.web.access.ExceptionTranslationFilter@3dee246c, org.springframework.security.web.access.intercept.FilterSecurityInterceptor@6bb0d14c]
2016-01-29 11:40:57.365  INFO 4736 --- [restartedMain] s.w.s.m.m.a.RequestMappingHandlerAdapter : Looking for @ControllerAdvice: org.springframework.boot.context.embedded.AnnotationConfigEmbeddedWebApplicationContext@2497dfe2: startup date [Fri Jan 29 11:40:56 CET 2016]; root of context hierarchy
2016-01-29 11:40:57.380  INFO 4736 --- [restartedMain] s.w.s.m.m.a.RequestMappingHandlerMapping : Mapped "{[/csvFile],methods=[POST]}" onto public java.lang.String com.maven8919.lineupgenerator.controller.CsvFileController.csvFile(org.springframework.web.multipart.MultipartFile,org.springframework.ui.Model)
2016-01-29 11:40:57.380  INFO 4736 --- [restartedMain] s.w.s.m.m.a.RequestMappingHandlerMapping : Mapped "{[/]}" onto public java.lang.String com.maven8919.lineupgenerator.controller.IndexController.index()
2016-01-29 11:40:57.380  INFO 4736 --- [restartedMain] s.w.s.m.m.a.RequestMappingHandlerMapping : Mapped "{[/error]}" onto public org.springframework.http.ResponseEntity<java.util.Map<java.lang.String, java.lang.Object>> org.springframework.boot.autoconfigure.web.BasicErrorController.error(javax.servlet.http.HttpServletRequest)
2016-01-29 11:40:57.380  INFO 4736 --- [restartedMain] s.w.s.m.m.a.RequestMappingHandlerMapping : Mapped "{[/error],produces=[text/html]}" onto public org.springframework.web.servlet.ModelAndView org.springframework.boot.autoconfigure.web.BasicErrorController.errorHtml(javax.servlet.http.HttpServletRequest,javax.servlet.http.HttpServletResponse)
2016-01-29 11:40:57.380  INFO 4736 --- [restartedMain] o.s.w.s.handler.SimpleUrlHandlerMapping  : Mapped URL path [/webjars/**] onto handler of type [class org.springframework.web.servlet.resource.ResourceHttpRequestHandler]
2016-01-29 11:40:57.380  INFO 4736 --- [restartedMain] o.s.w.s.handler.SimpleUrlHandlerMapping  : Mapped URL path [/**] onto handler of type [class org.springframework.web.servlet.resource.ResourceHttpRequestHandler]
2016-01-29 11:40:57.380  INFO 4736 --- [restartedMain] o.s.w.s.handler.SimpleUrlHandlerMapping  : Mapped URL path [/**/favicon.ico] onto handler of type [class org.springframework.web.servlet.resource.ResourceHttpRequestHandler]
2016-01-29 11:40:57.412  INFO 4736 --- [restartedMain] o.s.b.d.a.OptionalLiveReloadServer       : LiveReload server is running on port 35729
2016-01-29 11:40:57.427  INFO 4736 --- [restartedMain] o.s.j.e.a.AnnotationMBeanExporter        : Registering beans for JMX exposure on startup
2016-01-29 11:40:57.443  INFO 4736 --- [restartedMain] s.b.c.e.t.TomcatEmbeddedServletContainer : Tomcat started on port(s): 8080 (http)
2016-01-29 11:40:57.443  INFO 4736 --- [restartedMain] c.m.l.LineupGeneratorApplication         : Started LineupGeneratorApplication in 0.615 seconds (JVM running for 281.306)
2016-01-29 11:40:59.836  INFO 4736 --- [Thread-33] ationConfigEmbeddedWebApplicationContext : Closing org.springframework.boot.context.embedded.AnnotationConfigEmbeddedWebApplicationContext@2497dfe2: startup date [Fri Jan 29 11:40:56 CET 2016]; root of context hierarchy
2016-01-29 11:40:59.836  INFO 4736 --- [Thread-33] o.s.j.e.a.AnnotationMBeanExporter        : Unregistering JMX-exposed beans on shutdown
2016-01-29 11:41:00.025  INFO 4736 --- [restartedMain] c.m.l.LineupGeneratorApplication         : Starting LineupGeneratorApplication on EPHUBUDW0306 with PID 4736 (D:\sts_workspace\lineup-generator\target\classes started by Levente_Bakos in D:\sts_workspace\lineup-generator)
2016-01-29 11:41:00.025  INFO 4736 --- [restartedMain] c.m.l.LineupGeneratorApplication         : No active profile set, falling back to default profiles: default
2016-01-29 11:41:00.025  INFO 4736 --- [restartedMain] ationConfigEmbeddedWebApplicationContext : Refreshing org.springframework.boot.context.embedded.AnnotationConfigEmbeddedWebApplicationContext@7753a685: startup date [Fri Jan 29 11:41:00 CET 2016]; root of context hierarchy
2016-01-29 11:41:00.305  INFO 4736 --- [restartedMain] o.s.b.f.s.DefaultListableBeanFactory     : Overriding bean definition for bean 'beanNameViewResolver' with a different definition: replacing [Root bean: class [null]; scope=; abstract=false; lazyInit=false; autowireMode=3; dependencyCheck=0; autowireCandidate=true; primary=false; factoryBeanName=org.springframework.boot.autoconfigure.web.ErrorMvcAutoConfiguration$WhitelabelErrorViewConfiguration; factoryMethodName=beanNameViewResolver; initMethodName=null; destroyMethodName=(inferred); defined in class path resource [org/springframework/boot/autoconfigure/web/ErrorMvcAutoConfiguration$WhitelabelErrorViewConfiguration.class]] with [Root bean: class [null]; scope=; abstract=false; lazyInit=false; autowireMode=3; dependencyCheck=0; autowireCandidate=true; primary=false; factoryBeanName=org.springframework.boot.autoconfigure.web.WebMvcAutoConfiguration$WebMvcAutoConfigurationAdapter; factoryMethodName=beanNameViewResolver; initMethodName=null; destroyMethodName=(inferred); defined in class path resource [org/springframework/boot/autoconfigure/web/WebMvcAutoConfiguration$WebMvcAutoConfigurationAdapter.class]]
2016-01-29 11:41:00.361  INFO 4736 --- [restartedMain] s.b.c.e.t.TomcatEmbeddedServletContainer : Tomcat initialized with port(s): 8080 (http)
2016-01-29 11:41:00.361  INFO 4736 --- [restartedMain] o.apache.catalina.core.StandardService   : Starting service Tomcat
2016-01-29 11:41:00.362  INFO 4736 --- [restartedMain] org.apache.catalina.core.StandardEngine  : Starting Servlet Engine: Apache Tomcat/8.0.30
2016-01-29 11:41:00.369  INFO 4736 --- [localhost-startStop-1] o.a.c.c.C.[Tomcat].[localhost].[/]       : Initializing Spring embedded WebApplicationContext
2016-01-29 11:41:00.369  INFO 4736 --- [localhost-startStop-1] o.s.web.context.ContextLoader            : Root WebApplicationContext: initialization completed in 344 ms
2016-01-29 11:41:00.412  INFO 4736 --- [localhost-startStop-1] o.s.b.c.embedded.FilterRegistrationBean  : Mapping filter: 'characterEncodingFilter' to: [/*]
2016-01-29 11:41:00.412  INFO 4736 --- [localhost-startStop-1] o.s.b.c.embedded.FilterRegistrationBean  : Mapping filter: 'hiddenHttpMethodFilter' to: [/*]
2016-01-29 11:41:00.412  INFO 4736 --- [localhost-startStop-1] o.s.b.c.embedded.FilterRegistrationBean  : Mapping filter: 'httpPutFormContentFilter' to: [/*]
2016-01-29 11:41:00.412  INFO 4736 --- [localhost-startStop-1] o.s.b.c.embedded.FilterRegistrationBean  : Mapping filter: 'requestContextFilter' to: [/*]
2016-01-29 11:41:00.412  INFO 4736 --- [localhost-startStop-1] .e.DelegatingFilterProxyRegistrationBean : Mapping filter: 'springSecurityFilterChain' to: [/*]
2016-01-29 11:41:00.412  INFO 4736 --- [localhost-startStop-1] o.s.b.c.embedded.FilterRegistrationBean  : Mapping filter: 'oauth2ClientContextFilter' to: [/*]
2016-01-29 11:41:00.412  INFO 4736 --- [localhost-startStop-1] o.s.b.c.e.ServletRegistrationBean        : Mapping servlet: 'dispatcherServlet' to [/]
2016-01-29 11:41:00.440  INFO 4736 --- [localhost-startStop-1] b.a.s.AuthenticationManagerConfiguration : 

Using default security password: eed9ba6c-9316-4dfe-955f-ef98d3b0fbdc

2016-01-29 11:41:00.469  INFO 4736 --- [localhost-startStop-1] o.s.s.web.DefaultSecurityFilterChain     : Creating filter chain: org.springframework.security.web.util.matcher.AnyRequestMatcher@1, [org.springframework.security.web.context.request.async.WebAsyncManagerIntegrationFilter@203843f6, org.springframework.security.web.context.SecurityContextPersistenceFilter@761a9854, org.springframework.security.web.header.HeaderWriterFilter@79788d29, org.springframework.security.web.csrf.CsrfFilter@3c85b637, org.springframework.security.web.authentication.logout.LogoutFilter@1d8264d1, org.springframework.security.web.savedrequest.RequestCacheAwareFilter@3aff12fc, org.springframework.security.web.servletapi.SecurityContextHolderAwareRequestFilter@753d14f, org.springframework.security.web.authentication.AnonymousAuthenticationFilter@2d2b0a98, org.springframework.security.web.session.SessionManagementFilter@673fae8a, org.springframework.security.web.access.ExceptionTranslationFilter@70c79dc6, org.springframework.security.web.access.intercept.FilterSecurityInterceptor@b23abc4]
2016-01-29 11:41:00.470  INFO 4736 --- [localhost-startStop-1] o.s.s.web.DefaultSecurityFilterChain     : Creating filter chain: Ant [pattern='/**'], [org.springframework.security.web.context.request.async.WebAsyncManagerIntegrationFilter@5dd13c3d, org.springframework.security.web.context.SecurityContextPersistenceFilter@6657048d, org.springframework.security.web.header.HeaderWriterFilter@46addae5, org.springframework.security.web.csrf.CsrfFilter@f33843d, org.springframework.security.web.authentication.logout.LogoutFilter@958daeb, org.springframework.security.oauth2.client.filter.OAuth2ClientAuthenticationProcessingFilter@32d2b425, org.springframework.security.web.savedrequest.RequestCacheAwareFilter@67b9f6c4, org.springframework.security.web.servletapi.SecurityContextHolderAwareRequestFilter@4feb6224, org.springframework.security.web.authentication.AnonymousAuthenticationFilter@3ce2a416, org.springframework.security.web.session.SessionManagementFilter@75d66466, org.springframework.security.web.access.ExceptionTranslationFilter@39670112, org.springframework.security.web.access.intercept.FilterSecurityInterceptor@247ca04f]
2016-01-29 11:41:00.493  INFO 4736 --- [restartedMain] s.w.s.m.m.a.RequestMappingHandlerAdapter : Looking for @ControllerAdvice: org.springframework.boot.context.embedded.AnnotationConfigEmbeddedWebApplicationContext@7753a685: startup date [Fri Jan 29 11:41:00 CET 2016]; root of context hierarchy
2016-01-29 11:41:00.496  INFO 4736 --- [restartedMain] s.w.s.m.m.a.RequestMappingHandlerMapping : Mapped "{[/csvFile],methods=[POST]}" onto public java.lang.String com.maven8919.lineupgenerator.controller.CsvFileController.csvFile(org.springframework.web.multipart.MultipartFile,org.springframework.ui.Model)
2016-01-29 11:41:00.496  INFO 4736 --- [restartedMain] s.w.s.m.m.a.RequestMappingHandlerMapping : Mapped "{[/]}" onto public java.lang.String com.maven8919.lineupgenerator.controller.IndexController.index()
2016-01-29 11:41:00.497  INFO 4736 --- [restartedMain] s.w.s.m.m.a.RequestMappingHandlerMapping : Mapped "{[/error]}" onto public org.springframework.http.ResponseEntity<java.util.Map<java.lang.String, java.lang.Object>> org.springframework.boot.autoconfigure.web.BasicErrorController.error(javax.servlet.http.HttpServletRequest)
2016-01-29 11:41:00.497  INFO 4736 --- [restartedMain] s.w.s.m.m.a.RequestMappingHandlerMapping : Mapped "{[/error],produces=[text/html]}" onto public org.springframework.web.servlet.ModelAndView org.springframework.boot.autoconfigure.web.BasicErrorController.errorHtml(javax.servlet.http.HttpServletRequest,javax.servlet.http.HttpServletResponse)
2016-01-29 11:41:00.501  INFO 4736 --- [restartedMain] o.s.w.s.handler.SimpleUrlHandlerMapping  : Mapped URL path [/webjars/**] onto handler of type [class org.springframework.web.servlet.resource.ResourceHttpRequestHandler]
2016-01-29 11:41:00.501  INFO 4736 --- [restartedMain] o.s.w.s.handler.SimpleUrlHandlerMapping  : Mapped URL path [/**] onto handler of type [class org.springframework.web.servlet.resource.ResourceHttpRequestHandler]
2016-01-29 11:41:00.507  INFO 4736 --- [restartedMain] o.s.w.s.handler.SimpleUrlHandlerMapping  : Mapped URL path [/**/favicon.ico] onto handler of type [class org.springframework.web.servlet.resource.ResourceHttpRequestHandler]
2016-01-29 11:41:00.530  INFO 4736 --- [restartedMain] o.s.b.d.a.OptionalLiveReloadServer       : LiveReload server is running on port 35729
2016-01-29 11:41:00.550  INFO 4736 --- [restartedMain] o.s.j.e.a.AnnotationMBeanExporter        : Registering beans for JMX exposure on startup
2016-01-29 11:41:00.556  INFO 4736 --- [restartedMain] s.b.c.e.t.TomcatEmbeddedServletContainer : Tomcat started on port(s): 8080 (http)
2016-01-29 11:41:00.557  INFO 4736 --- [restartedMain] c.m.l.LineupGeneratorApplication         : Started LineupGeneratorApplication in 0.58 seconds (JVM running for 284.416)
2016-01-29 11:41:02.975  INFO 4736 --- [Thread-38] ationConfigEmbeddedWebApplicationContext : Closing org.springframework.boot.context.embedded.AnnotationConfigEmbeddedWebApplicationContext@7753a685: startup date [Fri Jan 29 11:41:00 CET 2016]; root of context hierarchy
2016-01-29 11:41:02.975  INFO 4736 --- [Thread-38] o.s.j.e.a.AnnotationMBeanExporter        : Unregistering JMX-exposed beans on shutdown
2016-01-29 11:41:03.173  INFO 4736 --- [restartedMain] c.m.l.LineupGeneratorApplication         : Starting LineupGeneratorApplication on EPHUBUDW0306 with PID 4736 (D:\sts_workspace\lineup-generator\target\classes started by Levente_Bakos in D:\sts_workspace\lineup-generator)
2016-01-29 11:41:03.173  INFO 4736 --- [restartedMain] c.m.l.LineupGeneratorApplication         : No active profile set, falling back to default profiles: default
2016-01-29 11:41:03.175  INFO 4736 --- [restartedMain] ationConfigEmbeddedWebApplicationContext : Refreshing org.springframework.boot.context.embedded.AnnotationConfigEmbeddedWebApplicationContext@19650c2: startup date [Fri Jan 29 11:41:03 CET 2016]; root of context hierarchy
2016-01-29 11:41:03.440  INFO 4736 --- [restartedMain] o.s.b.f.s.DefaultListableBeanFactory     : Overriding bean definition for bean 'beanNameViewResolver' with a different definition: replacing [Root bean: class [null]; scope=; abstract=false; lazyInit=false; autowireMode=3; dependencyCheck=0; autowireCandidate=true; primary=false; factoryBeanName=org.springframework.boot.autoconfigure.web.ErrorMvcAutoConfiguration$WhitelabelErrorViewConfiguration; factoryMethodName=beanNameViewResolver; initMethodName=null; destroyMethodName=(inferred); defined in class path resource [org/springframework/boot/autoconfigure/web/ErrorMvcAutoConfiguration$WhitelabelErrorViewConfiguration.class]] with [Root bean: class [null]; scope=; abstract=false; lazyInit=false; autowireMode=3; dependencyCheck=0; autowireCandidate=true; primary=false; factoryBeanName=org.springframework.boot.autoconfigure.web.WebMvcAutoConfiguration$WebMvcAutoConfigurationAdapter; factoryMethodName=beanNameViewResolver; initMethodName=null; destroyMethodName=(inferred); defined in class path resource [org/springframework/boot/autoconfigure/web/WebMvcAutoConfiguration$WebMvcAutoConfigurationAdapter.class]]
2016-01-29 11:41:03.515  INFO 4736 --- [restartedMain] s.b.c.e.t.TomcatEmbeddedServletContainer : Tomcat initialized with port(s): 8080 (http)
2016-01-29 11:41:03.516  INFO 4736 --- [restartedMain] o.apache.catalina.core.StandardService   : Starting service Tomcat
2016-01-29 11:41:03.516  INFO 4736 --- [restartedMain] org.apache.catalina.core.StandardEngine  : Starting Servlet Engine: Apache Tomcat/8.0.30
2016-01-29 11:41:03.523  INFO 4736 --- [localhost-startStop-1] o.a.c.c.C.[Tomcat].[localhost].[/]       : Initializing Spring embedded WebApplicationContext
2016-01-29 11:41:03.524  INFO 4736 --- [localhost-startStop-1] o.s.web.context.ContextLoader            : Root WebApplicationContext: initialization completed in 349 ms
2016-01-29 11:41:03.571  INFO 4736 --- [localhost-startStop-1] o.s.b.c.embedded.FilterRegistrationBean  : Mapping filter: 'characterEncodingFilter' to: [/*]
2016-01-29 11:41:03.571  INFO 4736 --- [localhost-startStop-1] o.s.b.c.embedded.FilterRegistrationBean  : Mapping filter: 'hiddenHttpMethodFilter' to: [/*]
2016-01-29 11:41:03.571  INFO 4736 --- [localhost-startStop-1] o.s.b.c.embedded.FilterRegistrationBean  : Mapping filter: 'httpPutFormContentFilter' to: [/*]
2016-01-29 11:41:03.571  INFO 4736 --- [localhost-startStop-1] o.s.b.c.embedded.FilterRegistrationBean  : Mapping filter: 'requestContextFilter' to: [/*]
2016-01-29 11:41:03.571  INFO 4736 --- [localhost-startStop-1] .e.DelegatingFilterProxyRegistrationBean : Mapping filter: 'springSecurityFilterChain' to: [/*]
2016-01-29 11:41:03.572  INFO 4736 --- [localhost-startStop-1] o.s.b.c.embedded.FilterRegistrationBean  : Mapping filter: 'oauth2ClientContextFilter' to: [/*]
2016-01-29 11:41:03.572  INFO 4736 --- [localhost-startStop-1] o.s.b.c.e.ServletRegistrationBean        : Mapping servlet: 'dispatcherServlet' to [/]
2016-01-29 11:41:03.602  INFO 4736 --- [localhost-startStop-1] b.a.s.AuthenticationManagerConfiguration : 

Using default security password: c3c5283b-4745-42ff-a04e-481aba80d812

2016-01-29 11:41:03.632  INFO 4736 --- [localhost-startStop-1] o.s.s.web.DefaultSecurityFilterChain     : Creating filter chain: org.springframework.security.web.util.matcher.AnyRequestMatcher@1, [org.springframework.security.web.context.request.async.WebAsyncManagerIntegrationFilter@66259cce, org.springframework.security.web.context.SecurityContextPersistenceFilter@1f9bf6f3, org.springframework.security.web.header.HeaderWriterFilter@5ede2fb, org.springframework.security.web.csrf.CsrfFilter@22558db3, org.springframework.security.web.authentication.logout.LogoutFilter@3324b2de, org.springframework.security.web.savedrequest.RequestCacheAwareFilter@26adc0f4, org.springframework.security.web.servletapi.SecurityContextHolderAwareRequestFilter@4c3d04e0, org.springframework.security.web.authentication.AnonymousAuthenticationFilter@30f924de, org.springframework.security.web.session.SessionManagementFilter@11add960, org.springframework.security.web.access.ExceptionTranslationFilter@73594ace, org.springframework.security.web.access.intercept.FilterSecurityInterceptor@695b8030]
2016-01-29 11:41:03.634  INFO 4736 --- [localhost-startStop-1] o.s.s.web.DefaultSecurityFilterChain     : Creating filter chain: Ant [pattern='/**'], [org.springframework.security.web.context.request.async.WebAsyncManagerIntegrationFilter@68398012, org.springframework.security.web.context.SecurityContextPersistenceFilter@3e9a41d8, org.springframework.security.web.header.HeaderWriterFilter@776ca096, org.springframework.security.web.csrf.CsrfFilter@38a399f6, org.springframework.security.web.authentication.logout.LogoutFilter@695879d7, org.springframework.security.oauth2.client.filter.OAuth2ClientAuthenticationProcessingFilter@3bfc37f0, org.springframework.security.web.savedrequest.RequestCacheAwareFilter@7140843c, org.springframework.security.web.servletapi.SecurityContextHolderAwareRequestFilter@63bae292, org.springframework.security.web.authentication.AnonymousAuthenticationFilter@ad675fe, org.springframework.security.web.session.SessionManagementFilter@1a52174d, org.springframework.security.web.access.ExceptionTranslationFilter@19aad7e0, org.springframework.security.web.access.intercept.FilterSecurityInterceptor@6e92e92c]
2016-01-29 11:41:03.659  INFO 4736 --- [restartedMain] s.w.s.m.m.a.RequestMappingHandlerAdapter : Looking for @ControllerAdvice: org.springframework.boot.context.embedded.AnnotationConfigEmbeddedWebApplicationContext@19650c2: startup date [Fri Jan 29 11:41:03 CET 2016]; root of context hierarchy
2016-01-29 11:41:03.663  INFO 4736 --- [restartedMain] s.w.s.m.m.a.RequestMappingHandlerMapping : Mapped "{[/csvFile],methods=[POST]}" onto public java.lang.String com.maven8919.lineupgenerator.controller.CsvFileController.csvFile(org.springframework.web.multipart.MultipartFile,org.springframework.ui.Model)
2016-01-29 11:41:03.663  INFO 4736 --- [restartedMain] s.w.s.m.m.a.RequestMappingHandlerMapping : Mapped "{[/]}" onto public java.lang.String com.maven8919.lineupgenerator.controller.IndexController.index()
2016-01-29 11:41:03.664  INFO 4736 --- [restartedMain] s.w.s.m.m.a.RequestMappingHandlerMapping : Mapped "{[/error]}" onto public org.springframework.http.ResponseEntity<java.util.Map<java.lang.String, java.lang.Object>> org.springframework.boot.autoconfigure.web.BasicErrorController.error(javax.servlet.http.HttpServletRequest)
2016-01-29 11:41:03.664  INFO 4736 --- [restartedMain] s.w.s.m.m.a.RequestMappingHandlerMapping : Mapped "{[/error],produces=[text/html]}" onto public org.springframework.web.servlet.ModelAndView org.springframework.boot.autoconfigure.web.BasicErrorController.errorHtml(javax.servlet.http.HttpServletRequest,javax.servlet.http.HttpServletResponse)
2016-01-29 11:41:03.668  INFO 4736 --- [restartedMain] o.s.w.s.handler.SimpleUrlHandlerMapping  : Mapped URL path [/webjars/**] onto handler of type [class org.springframework.web.servlet.resource.ResourceHttpRequestHandler]
2016-01-29 11:41:03.669  INFO 4736 --- [restartedMain] o.s.w.s.handler.SimpleUrlHandlerMapping  : Mapped URL path [/**] onto handler of type [class org.springframework.web.servlet.resource.ResourceHttpRequestHandler]
2016-01-29 11:41:03.674  INFO 4736 --- [restartedMain] o.s.w.s.handler.SimpleUrlHandlerMapping  : Mapped URL path [/**/favicon.ico] onto handler of type [class org.springframework.web.servlet.resource.ResourceHttpRequestHandler]
2016-01-29 11:41:03.695  INFO 4736 --- [restartedMain] o.s.b.d.a.OptionalLiveReloadServer       : LiveReload server is running on port 35729
2016-01-29 11:41:03.714  INFO 4736 --- [restartedMain] o.s.j.e.a.AnnotationMBeanExporter        : Registering beans for JMX exposure on startup
2016-01-29 11:41:03.721  INFO 4736 --- [restartedMain] s.b.c.e.t.TomcatEmbeddedServletContainer : Tomcat started on port(s): 8080 (http)
2016-01-29 11:41:03.722  INFO 4736 --- [restartedMain] c.m.l.LineupGeneratorApplication         : Started LineupGeneratorApplication in 0.591 seconds (JVM running for 287.581)
2016-01-29 11:41:10.194  INFO 4736 --- [Thread-43] ationConfigEmbeddedWebApplicationContext : Closing org.springframework.boot.context.embedded.AnnotationConfigEmbeddedWebApplicationContext@19650c2: startup date [Fri Jan 29 11:41:03 CET 2016]; root of context hierarchy
2016-01-29 11:41:10.194  INFO 4736 --- [Thread-43] o.s.j.e.a.AnnotationMBeanExporter        : Unregistering JMX-exposed beans on shutdown
2016-01-29 11:41:10.425  INFO 4736 --- [restartedMain] c.m.l.LineupGeneratorApplication         : Starting LineupGeneratorApplication on EPHUBUDW0306 with PID 4736 (D:\sts_workspace\lineup-generator\target\classes started by Levente_Bakos in D:\sts_workspace\lineup-generator)
2016-01-29 11:41:10.426  INFO 4736 --- [restartedMain] c.m.l.LineupGeneratorApplication         : No active profile set, falling back to default profiles: default
2016-01-29 11:41:10.426  INFO 4736 --- [restartedMain] ationConfigEmbeddedWebApplicationContext : Refreshing org.springframework.boot.context.embedded.AnnotationConfigEmbeddedWebApplicationContext@77fb7cd5: startup date [Fri Jan 29 11:41:10 CET 2016]; root of context hierarchy
2016-01-29 11:41:10.676  INFO 4736 --- [restartedMain] o.s.b.f.s.DefaultListableBeanFactory     : Overriding bean definition for bean 'beanNameViewResolver' with a different definition: replacing [Root bean: class [null]; scope=; abstract=false; lazyInit=false; autowireMode=3; dependencyCheck=0; autowireCandidate=true; primary=false; factoryBeanName=org.springframework.boot.autoconfigure.web.ErrorMvcAutoConfiguration$WhitelabelErrorViewConfiguration; factoryMethodName=beanNameViewResolver; initMethodName=null; destroyMethodName=(inferred); defined in class path resource [org/springframework/boot/autoconfigure/web/ErrorMvcAutoConfiguration$WhitelabelErrorViewConfiguration.class]] with [Root bean: class [null]; scope=; abstract=false; lazyInit=false; autowireMode=3; dependencyCheck=0; autowireCandidate=true; primary=false; factoryBeanName=org.springframework.boot.autoconfigure.web.WebMvcAutoConfiguration$WebMvcAutoConfigurationAdapter; factoryMethodName=beanNameViewResolver; initMethodName=null; destroyMethodName=(inferred); defined in class path resource [org/springframework/boot/autoconfigure/web/WebMvcAutoConfiguration$WebMvcAutoConfigurationAdapter.class]]
2016-01-29 11:41:10.723  INFO 4736 --- [restartedMain] s.b.c.e.t.TomcatEmbeddedServletContainer : Tomcat initialized with port(s): 8080 (http)
2016-01-29 11:41:10.723  INFO 4736 --- [restartedMain] o.apache.catalina.core.StandardService   : Starting service Tomcat
2016-01-29 11:41:10.723  INFO 4736 --- [restartedMain] org.apache.catalina.core.StandardEngine  : Starting Servlet Engine: Apache Tomcat/8.0.30
2016-01-29 11:41:10.739  INFO 4736 --- [localhost-startStop-1] o.a.c.c.C.[Tomcat].[localhost].[/]       : Initializing Spring embedded WebApplicationContext
2016-01-29 11:41:10.739  INFO 4736 --- [localhost-startStop-1] o.s.web.context.ContextLoader            : Root WebApplicationContext: initialization completed in 313 ms
2016-01-29 11:41:10.770  INFO 4736 --- [localhost-startStop-1] o.s.b.c.embedded.FilterRegistrationBean  : Mapping filter: 'characterEncodingFilter' to: [/*]
2016-01-29 11:41:10.770  INFO 4736 --- [localhost-startStop-1] o.s.b.c.embedded.FilterRegistrationBean  : Mapping filter: 'hiddenHttpMethodFilter' to: [/*]
2016-01-29 11:41:10.770  INFO 4736 --- [localhost-startStop-1] o.s.b.c.embedded.FilterRegistrationBean  : Mapping filter: 'httpPutFormContentFilter' to: [/*]
2016-01-29 11:41:10.770  INFO 4736 --- [localhost-startStop-1] o.s.b.c.embedded.FilterRegistrationBean  : Mapping filter: 'requestContextFilter' to: [/*]
2016-01-29 11:41:10.770  INFO 4736 --- [localhost-startStop-1] .e.DelegatingFilterProxyRegistrationBean : Mapping filter: 'springSecurityFilterChain' to: [/*]
2016-01-29 11:41:10.770  INFO 4736 --- [localhost-startStop-1] o.s.b.c.embedded.FilterRegistrationBean  : Mapping filter: 'oauth2ClientContextFilter' to: [/*]
2016-01-29 11:41:10.770  INFO 4736 --- [localhost-startStop-1] o.s.b.c.e.ServletRegistrationBean        : Mapping servlet: 'dispatcherServlet' to [/]
2016-01-29 11:41:10.801  INFO 4736 --- [localhost-startStop-1] b.a.s.AuthenticationManagerConfiguration : 

Using default security password: 79f404a2-ea92-469d-82c3-c36bab2ec450

2016-01-29 11:41:10.817  INFO 4736 --- [localhost-startStop-1] o.s.s.web.DefaultSecurityFilterChain     : Creating filter chain: org.springframework.security.web.util.matcher.AnyRequestMatcher@1, [org.springframework.security.web.context.request.async.WebAsyncManagerIntegrationFilter@1005ef1b, org.springframework.security.web.context.SecurityContextPersistenceFilter@18ac9324, org.springframework.security.web.header.HeaderWriterFilter@4ab1c58b, org.springframework.security.web.csrf.CsrfFilter@64d5de54, org.springframework.security.web.authentication.logout.LogoutFilter@a0f57b9, org.springframework.security.web.savedrequest.RequestCacheAwareFilter@12496c82, org.springframework.security.web.servletapi.SecurityContextHolderAwareRequestFilter@56106edd, org.springframework.security.web.authentication.AnonymousAuthenticationFilter@6b1857ca, org.springframework.security.web.session.SessionManagementFilter@5241d046, org.springframework.security.web.access.ExceptionTranslationFilter@1a7213a0, org.springframework.security.web.access.intercept.FilterSecurityInterceptor@9220d3]
2016-01-29 11:41:10.832  INFO 4736 --- [localhost-startStop-1] o.s.s.web.DefaultSecurityFilterChain     : Creating filter chain: Ant [pattern='/**'], [org.springframework.security.web.context.request.async.WebAsyncManagerIntegrationFilter@1f434393, org.springframework.security.web.context.SecurityContextPersistenceFilter@588a62ae, org.springframework.security.web.header.HeaderWriterFilter@c4297f9, org.springframework.security.web.csrf.CsrfFilter@342f5196, org.springframework.security.web.authentication.logout.LogoutFilter@e73abfd, org.springframework.security.oauth2.client.filter.OAuth2ClientAuthenticationProcessingFilter@1f1c0f27, org.springframework.security.web.savedrequest.RequestCacheAwareFilter@39cef7d8, org.springframework.security.web.servletapi.SecurityContextHolderAwareRequestFilter@212b5247, org.springframework.security.web.authentication.AnonymousAuthenticationFilter@723e29a4, org.springframework.security.web.session.SessionManagementFilter@16672215, org.springframework.security.web.access.ExceptionTranslationFilter@3bfb5bdc, org.springframework.security.web.access.intercept.FilterSecurityInterceptor@23a4d337]
2016-01-29 11:41:10.848  INFO 4736 --- [restartedMain] s.w.s.m.m.a.RequestMappingHandlerAdapter : Looking for @ControllerAdvice: org.springframework.boot.context.embedded.AnnotationConfigEmbeddedWebApplicationContext@77fb7cd5: startup date [Fri Jan 29 11:41:10 CET 2016]; root of context hierarchy
2016-01-29 11:41:10.848  INFO 4736 --- [restartedMain] s.w.s.m.m.a.RequestMappingHandlerMapping : Mapped "{[/csvFile],methods=[POST]}" onto public java.lang.String com.maven8919.lineupgenerator.controller.CsvFileController.csvFile(org.springframework.web.multipart.MultipartFile,org.springframework.ui.Model)
2016-01-29 11:41:10.848  INFO 4736 --- [restartedMain] s.w.s.m.m.a.RequestMappingHandlerMapping : Mapped "{[/]}" onto public java.lang.String com.maven8919.lineupgenerator.controller.IndexController.index()
2016-01-29 11:41:10.848  INFO 4736 --- [restartedMain] s.w.s.m.m.a.RequestMappingHandlerMapping : Mapped "{[/error]}" onto public org.springframework.http.ResponseEntity<java.util.Map<java.lang.String, java.lang.Object>> org.springframework.boot.autoconfigure.web.BasicErrorController.error(javax.servlet.http.HttpServletRequest)
2016-01-29 11:41:10.848  INFO 4736 --- [restartedMain] s.w.s.m.m.a.RequestMappingHandlerMapping : Mapped "{[/error],produces=[text/html]}" onto public org.springframework.web.servlet.ModelAndView org.springframework.boot.autoconfigure.web.BasicErrorController.errorHtml(javax.servlet.http.HttpServletRequest,javax.servlet.http.HttpServletResponse)
2016-01-29 11:41:10.864  INFO 4736 --- [restartedMain] o.s.w.s.handler.SimpleUrlHandlerMapping  : Mapped URL path [/webjars/**] onto handler of type [class org.springframework.web.servlet.resource.ResourceHttpRequestHandler]
2016-01-29 11:41:10.864  INFO 4736 --- [restartedMain] o.s.w.s.handler.SimpleUrlHandlerMapping  : Mapped URL path [/**] onto handler of type [class org.springframework.web.servlet.resource.ResourceHttpRequestHandler]
2016-01-29 11:41:10.864  INFO 4736 --- [restartedMain] o.s.w.s.handler.SimpleUrlHandlerMapping  : Mapped URL path [/**/favicon.ico] onto handler of type [class org.springframework.web.servlet.resource.ResourceHttpRequestHandler]
2016-01-29 11:41:10.879  INFO 4736 --- [restartedMain] o.s.b.d.a.OptionalLiveReloadServer       : LiveReload server is running on port 35729
2016-01-29 11:41:10.895  INFO 4736 --- [restartedMain] o.s.j.e.a.AnnotationMBeanExporter        : Registering beans for JMX exposure on startup
2016-01-29 11:41:10.913  INFO 4736 --- [restartedMain] s.b.c.e.t.TomcatEmbeddedServletContainer : Tomcat started on port(s): 8080 (http)
2016-01-29 11:41:10.914  INFO 4736 --- [restartedMain] c.m.l.LineupGeneratorApplication         : Started LineupGeneratorApplication in 0.532 seconds (JVM running for 294.773)
2016-01-29 11:41:31.655  INFO 4736 --- [http-nio-8080-exec-1] o.a.c.c.C.[Tomcat].[localhost].[/]       : Initializing Spring FrameworkServlet 'dispatcherServlet'
2016-01-29 11:41:31.655  INFO 4736 --- [http-nio-8080-exec-1] o.s.web.servlet.DispatcherServlet        : FrameworkServlet 'dispatcherServlet': initialization started
2016-01-29 11:41:31.657  INFO 4736 --- [http-nio-8080-exec-1] o.s.web.servlet.DispatcherServlet        : FrameworkServlet 'dispatcherServlet': initialization completed in 2 ms
2016-01-29 11:41:36.052  INFO 4736 --- [http-nio-8080-exec-5] c.m.l.service.PlayerListerService        : Started parsing players!
2016-01-29 11:41:38.299  INFO 4736 --- [http-nio-8080-exec-5] c.m.l.service.PlayerListerService        : Finished parsing players!
2016-01-29 11:41:38.308  INFO 4736 --- [http-nio-8080-exec-5] c.m.l.service.PlayerListerService        : Started generating starters! info
2016-01-29 11:41:38.308  INFO 4736 --- [http-nio-8080-exec-5] c.m.l.service.PlayerListerService        : Current best lineup: kemba-walker-cj-mccollum-jj-redick-al-farouq-aminu-julius-randle-marvin-williams-deandre-jordan-spencer-hawes with salary: 200 and total value of: 227.68809523809523
2016-01-29 11:41:38.318  INFO 4736 --- [http-nio-8080-exec-5] c.m.l.service.PlayerListerService        : Current best lineup: kemba-walker-cj-mccollum-chris-paul-al-farouq-aminu-julius-randle-meyers-leonard-spencer-hawes-allen-crabbe with salary: 198 and total value of: 229.31428571428575
2016-01-29 11:41:38.330  INFO 4736 --- [http-nio-8080-exec-5] c.m.l.service.PlayerListerService        : Current best lineup: kemba-walker-cj-mccollum-chris-paul-al-farouq-aminu-marvin-williams-meyers-leonard-mason-plumlee-spencer-hawes with salary: 199 and total value of: 232.64285714285717
2016-01-29 11:41:38.386  INFO 4736 --- [http-nio-8080-exec-5] c.m.l.service.PlayerListerService        : Current best lineup: kemba-walker-cj-mccollum-chris-paul-pj-hairston-marvin-williams-meyers-leonard-mason-plumlee-jj-redick with salary: 200 and total value of: 233.50000000000003
2016-01-29 11:41:38.415  INFO 4736 --- [http-nio-8080-exec-5] c.m.l.service.PlayerListerService        : Current best lineup: kemba-walker-jj-redick-chris-paul-al-farouq-aminu-julius-randle-marvin-williams-mason-plumlee-spencer-hawes with salary: 197 and total value of: 233.95714285714286
2016-01-29 11:41:38.419  INFO 4736 --- [http-nio-8080-exec-5] c.m.l.service.PlayerListerService        : Current best lineup: kemba-walker-jj-redick-chris-paul-al-farouq-aminu-marvin-williams-meyers-leonard-deandre-jordan-spencer-hawes with salary: 200 and total value of: 236.3452380952381
2016-01-29 11:41:38.420  INFO 4736 --- [http-nio-8080-exec-5] c.m.l.service.PlayerListerService        : Current best lineup: kemba-walker-jj-redick-chris-paul-al-farouq-aminu-marvin-williams-meyers-leonard-spencer-hawes-deandre-jordan with salary: 200 and total value of: 236.34523809523813
2016-01-29 11:41:38.454  INFO 4736 --- [http-nio-8080-exec-5] c.m.l.service.PlayerListerService        : Current best lineup: kemba-walker-jj-redick-chris-paul-pj-hairston-marvin-williams-meyers-leonard-deandre-jordan-mason-plumlee with salary: 197 and total value of: 237.2309523809524
2016-01-29 11:41:41.373  INFO 4736 --- [http-nio-8080-exec-5] c.m.l.service.PlayerListerService        : Finished generating starters!
2016-01-29 11:41:41.373  INFO 4736 --- [http-nio-8080-exec-5] c.m.l.service.PlayerListerService        : Started parsing players!
2016-01-29 11:41:43.910  INFO 4736 --- [http-nio-8080-exec-5] c.m.l.service.PlayerListerService        : Finished parsing players!
2016-01-29 11:42:26.989  INFO 4736 --- [http-nio-8080-exec-6] c.m.l.service.PlayerListerService        : Started parsing players!
